<?xml version="1.0" encoding="UTF-8"?>
<testsuite name="ca.uqac.inf334.TestAll" tests="40" skipped="0" failures="0" errors="0" timestamp="2022-04-14T15:48:04" hostname="Air-de-Sam" time="0.766">
  <properties/>
  <testcase name="TestPermanentCode()" classname="ca.uqac.inf334.TestAll" time="0.05"/>
  <testcase name="TestStudentForCourse()" classname="ca.uqac.inf334.TestAll" time="0.083"/>
  <testcase name="TestCourseForRoom()" classname="ca.uqac.inf334.TestAll" time="0.085"/>
  <testcase name="TestToStringForStudent()" classname="ca.uqac.inf334.TestAll" time="0.002"/>
  <testcase name="TestToJSONForStudent()" classname="ca.uqac.inf334.TestAll" time="0.005"/>
  <testcase name="TestProfessorForUniversity()" classname="ca.uqac.inf334.TestAll" time="0.007"/>
  <testcase name="TestUniversityForStudent()" classname="ca.uqac.inf334.TestAll" time="0.051"/>
  <testcase name="TestToJSONForRoom()" classname="ca.uqac.inf334.TestAll" time="0.002"/>
  <testcase name="TestFieldForUniversity()" classname="ca.uqac.inf334.TestAll" time="0.006"/>
  <testcase name="TestUniversityForCourse()" classname="ca.uqac.inf334.TestAll" time="0.012"/>
  <testcase name="TestRemoveCourseForStudent()" classname="ca.uqac.inf334.TestAll" time="0.001"/>
  <testcase name="TestFieldForCourse()" classname="ca.uqac.inf334.TestAll" time="0.002"/>
  <testcase name="TestUniversityForProfessor()" classname="ca.uqac.inf334.TestAll" time="0.042"/>
  <testcase name="TestSportForUniversity()" classname="ca.uqac.inf334.TestAll" time="0.013"/>
  <testcase name="TestUniversityForSecretary()" classname="ca.uqac.inf334.TestAll" time="0.018"/>
  <testcase name="TestUniversityForAdmin()" classname="ca.uqac.inf334.TestAll" time="0.002"/>
  <testcase name="TestUniversityForField()" classname="ca.uqac.inf334.TestAll" time="0.006"/>
  <testcase name="TestProfessorForCourse()" classname="ca.uqac.inf334.TestAll" time="0.025"/>
  <testcase name="TestStudentForField()" classname="ca.uqac.inf334.TestAll" time="0.003"/>
  <testcase name="TestStudentForSport()" classname="ca.uqac.inf334.TestAll" time="0.001"/>
  <testcase name="TestStudentForProfessor()" classname="ca.uqac.inf334.TestAll" time="0.004"/>
  <testcase name="TestSportForStudent()" classname="ca.uqac.inf334.TestAll" time="0.003"/>
  <testcase name="TestSecretaryForUniversity()" classname="ca.uqac.inf334.TestAll" time="0.005"/>
  <testcase name="TestStudentForUniversity()" classname="ca.uqac.inf334.TestAll" time="0.015"/>
  <testcase name="TestCourseForField()" classname="ca.uqac.inf334.TestAll" time="0.003"/>
  <testcase name="TestToJSONForAdmin()" classname="ca.uqac.inf334.TestAll" time="0.009"/>
  <testcase name="TestToJSONForField()" classname="ca.uqac.inf334.TestAll" time="0.001"/>
  <testcase name="TestToJSONForSport()" classname="ca.uqac.inf334.TestAll" time="0.001"/>
  <testcase name="TestRoomForCourse()" classname="ca.uqac.inf334.TestAll" time="0.001"/>
  <testcase name="TestAdminForUniversity()" classname="ca.uqac.inf334.TestAll" time="0.011"/>
  <testcase name="TestToJSONForUniversity()" classname="ca.uqac.inf334.TestAll" time="0.031"/>
  <testcase name="TestRoomForUniversity()" classname="ca.uqac.inf334.TestAll" time="0.001"/>
  <testcase name="TestCourseForProfessor()" classname="ca.uqac.inf334.TestAll" time="0.011"/>
  <testcase name="TestToJSONForProfessor()" classname="ca.uqac.inf334.TestAll" time="0.002"/>
  <testcase name="TestCourseForUniversity()" classname="ca.uqac.inf334.TestAll" time="0.003"/>
  <testcase name="TestToJSONForSecretary()" classname="ca.uqac.inf334.TestAll" time="0.002"/>
  <testcase name="TestToJSONForCourse()" classname="ca.uqac.inf334.TestAll" time="0.003"/>
  <testcase name="TestGenerateRoom()" classname="ca.uqac.inf334.TestAll" time="0.001"/>
  <testcase name="TestAddCourseForStudent()" classname="ca.uqac.inf334.TestAll" time="0.007"/>
  <testcase name="TestFieldForStudent()" classname="ca.uqac.inf334.TestAll" time="0.012"/>
  <system-out><![CDATA[---------- Permanent code (student) ----------
Permanent code : Stu122110299 belongs to 1
---------- Permanent code (student) ----------
Permanent code : BARS22110211 belongs to Sam
---------- Add sport ----------
"Sport" is now a sport of UQAC
---------- Generate room (room) ----------
---------- Add room ----------
P1-2490 is now a room of UQAC
---------- Generate room (room) ----------
---------- Add room ----------
P4-5040 is now a room of UQAC
---------- Generate room (room) ----------
---------- Add room ----------
P5-0320 is now a room of UQAC
---------- Permanent code (student) ----------
Permanent code : Stu222110251 belongs to 2
---------- Add sport ----------
"Sport2" is now a sport of UQAC
---------- Permanent code (student) ----------
Permanent code : Stu122110241 belongs to 1
---------- Permanent code (student) ----------
Permanent code : BARS22110296 belongs to Sam
---------- Add sport ----------
"Sport" is now a sport of UQAC
---------- Generate room (room) ----------
---------- Add room ----------
P3-1680 is now a room of UQAC
---------- Generate room (room) ----------
---------- Add room ----------
P3-4250 is now a room of UQAC
---------- Generate room (room) ----------
---------- Add room ----------
P2-1020 is now a room of UQAC
---------- Permanent code (student) ----------
Permanent code : Stu222110255 belongs to 2
---------- Add sport ----------
"Sport2" is now a sport of UQAC
---------- Set university (professor) ----------
Set university to : "Prof 1"
---------- Add professor ----------
"Prof 1" is now a professor of UQAC
---------- Set university (professor) ----------
"Prof 1" is already in this university.
---------- Set university (course) ----------
---------- Add course ----------
"Course" is now a course of UQAC
---------- Set university (course) ----------
---------- Set professor (course) ----------
---------- Set course (professor) ----------
---------- Set professor (course) ----------
"Prof 1" is already the professor.
---------- Set university (field) ----------
---------- Add field ----------
"Field" is now a field of UQAC
---------- Set university (field) ----------
---------- Add field (course) ----------
"Field" is now a field of this course.
---------- Add course (field) ----------
"Course" is now in this field.
---------- Add field (course) ----------
"Field" is already a field of this course.
---------- Add student (course) ----------
Not in the same university.
---------- Set university (student) ----------
---------- Add student ----------
"1 Student" is now a student of UQAC
---------- Set university (student) ----------
---------- Set field (student) ----------
---------- Add student (field) ----------
"1 Student" is now in this field.
---------- Set field (student) ----------
---------- Add student (course) ----------
"1 Student" is now in this course.
---------- Add course (student) ----------
"Course" is now a course of "1 Student"
---------- Add student (course) ----------
"1 Student" is already in this course.
---------- Add student (professor) ----------
"1 Student" already in "Prof 1"'s student list.
---------- Add student (course) ----------
"1 Student" is already in this course.
---------- Remove student (course) ----------
"1 Student" removed from "Course"'s student list.
---------- Remove course (student) ----------
"Course" removed from "1 Student"'s course list.
---------- Remove student (course) ----------
"1 Student" doesn't exist in "Course"'s student list.
---------- Remove student (professor) ----------
"1 Student" isn't in "Prof 1"'s student list.
---------- Remove student (course) ----------
"1 Student" doesn't exist in "Course"'s student list.
---------- Permanent code (student) ----------
Permanent code : Stu122110290 belongs to 1
---------- Permanent code (student) ----------
Permanent code : BARS22110290 belongs to Sam
---------- Add sport ----------
"Sport" is now a sport of UQAC
---------- Generate room (room) ----------
---------- Add room ----------
P1-5720 is now a room of UQAC
---------- Generate room (room) ----------
---------- Add room ----------
P0-1800 is now a room of UQAC
---------- Generate room (room) ----------
---------- Add room ----------
P3-5270 is now a room of UQAC
---------- Permanent code (student) ----------
Permanent code : Stu222110288 belongs to 2
---------- Add sport ----------
"Sport2" is now a sport of UQAC
---------- Set course (room) ----------
---------- Set room (course) ----------
---------- Set course (room) ----------
---------- Set course (room) ----------
---------- Remove course (room) ----------
"Course1" no longer take place in this room.
---------- Remove room (course) ----------
P3-5270 no longer host the course.
---------- Remove course (room) ----------
"Course1" doesn't take place in this room.
---------- Set room (course) ----------
---------- Set course (room) ----------
---------- Permanent code (student) ----------
Permanent code : Stu122110247 belongs to 1
---------- Permanent code (student) ----------
Permanent code : BARS22110206 belongs to Sam
---------- Add sport ----------
"Sport" is now a sport of UQAC
---------- Generate room (room) ----------
---------- Add room ----------
P1-3250 is now a room of UQAC
---------- Generate room (room) ----------
---------- Add room ----------
P2-5730 is now a room of UQAC
---------- Generate room (room) ----------
---------- Add room ----------
P0-3410 is now a room of UQAC
---------- Permanent code (student) ----------
Permanent code : Stu222110223 belongs to 2
---------- Add sport ----------
"Sport2" is now a sport of UQAC
---------- Permanent code (student) ----------
Permanent code : Stu122110207 belongs to 1
---------- Permanent code (student) ----------
Permanent code : BARS22110257 belongs to Sam
---------- Add sport ----------
"Sport" is now a sport of UQAC
---------- Generate room (room) ----------
---------- Add room ----------
P4-0400 is now a room of UQAC
---------- Generate room (room) ----------
---------- Add room ----------
P0-2330 is now a room of UQAC
---------- Generate room (room) ----------
---------- Add room ----------
P2-3890 is now a room of UQAC
---------- Permanent code (student) ----------
Permanent code : Stu222110206 belongs to 2
---------- Add sport ----------
"Sport2" is now a sport of UQAC
---------- Permanent code (student) ----------
Permanent code : Stu122110250 belongs to 1
---------- Permanent code (student) ----------
Permanent code : BARS22110221 belongs to Sam
---------- Add sport ----------
"Sport" is now a sport of UQAC
---------- Generate room (room) ----------
---------- Add room ----------
P3-5050 is now a room of UQAC
---------- Generate room (room) ----------
---------- Add room ----------
P1-1900 is now a room of UQAC
---------- Generate room (room) ----------
---------- Add room ----------
P3-1970 is now a room of UQAC
---------- Permanent code (student) ----------
Permanent code : Stu222110217 belongs to 2
---------- Add sport ----------
"Sport2" is now a sport of UQAC
---------- Add professor ----------
"Professor 1" is now a professor of UQAC
---------- Set university (professor) ----------
Set university to : "Professor 1"
---------- Add professor ----------
"Professor 1" is already a professor of UQAC
---------- Add professor ----------
"Professor 1" is already a professor of UQAC
---------- Remove professor ----------
"Professor 1" removed from UQAC's professor list.
---------- Remove university (professor) ----------
---------- Remove course (professor) ----------
"Professor 1" professor hasn't this course.
---------- Remove professor ----------
"Professor 1" doesn't exist in UQAC's professor list.
"Professor 1" professor has no longer university.
---------- Remove professor ----------
"Professor 1" doesn't exist in UQAC's professor list.
---------- Permanent code (student) ----------
Permanent code : Stu122110290 belongs to 1
---------- Permanent code (student) ----------
Permanent code : BARS22110268 belongs to Sam
---------- Add sport ----------
"Sport" is now a sport of UQAC
---------- Generate room (room) ----------
---------- Add room ----------
P0-5860 is now a room of UQAC
---------- Generate room (room) ----------
---------- Add room ----------
P2-0700 is now a room of UQAC
---------- Generate room (room) ----------
---------- Add room ----------
P5-3860 is now a room of UQAC
---------- Permanent code (student) ----------
Permanent code : Stu222110232 belongs to 2
---------- Add sport ----------
"Sport2" is now a sport of UQAC
---------- Set university (student) ----------
---------- Add student ----------
"Sam BARTHAZON" is now a student of UQAC
---------- Set university (student) ----------
---------- Add sport (student) ----------
"Sport" is now a sport of "Sam BARTHAZON"
---------- Add student (sport) ----------
"Sam BARTHAZON" is now in this sport.
---------- Add sport (student) ----------
"Sport" is already a sport of "Sam BARTHAZON"
---------- Set university (student) ----------
---------- Remove university (student) ----------
"Sam BARTHAZON" has no longer university.

---------- Remove student ----------
"Sam BARTHAZON" removed from UQAC's student list.
---------- Remove university (student) ----------
"Sam BARTHAZON" isn't in this university.

---------- Remove field (student) ----------
"Sam BARTHAZON" isn't in this field.
---------- Remove sport (student) ----------
---------- Remove student (sport) ----------
"Sam BARTHAZON" removed from this sport.
---------- Remove sport (student) ----------
"Sport" doesn't exist in "Sam BARTHAZON"'s sport list.
"Sport" removed from "Sam BARTHAZON"'s sport list.
---------- Add student ----------
"Sam BARTHAZON" is now a student of CEGEP
---------- Set university (student) ----------
---------- Permanent code (student) ----------
Permanent code : Stu122110202 belongs to 1
---------- Permanent code (student) ----------
Permanent code : BARS22110265 belongs to Sam
---------- Add sport ----------
"Sport" is now a sport of UQAC
---------- Generate room (room) ----------
---------- Add room ----------
P5-5250 is now a room of UQAC
---------- Generate room (room) ----------
---------- Add room ----------
P4-0900 is now a room of UQAC
---------- Generate room (room) ----------
---------- Add room ----------
P3-4020 is now a room of UQAC
---------- Permanent code (student) ----------
Permanent code : Stu222110280 belongs to 2
---------- Add sport ----------
"Sport2" is now a sport of UQAC
---------- Permanent code (student) ----------
Permanent code : Stu122110278 belongs to 1
---------- Permanent code (student) ----------
Permanent code : BARS22110230 belongs to Sam
---------- Add sport ----------
"Sport" is now a sport of UQAC
---------- Generate room (room) ----------
---------- Add room ----------
P4-2230 is now a room of UQAC
---------- Generate room (room) ----------
---------- Add room ----------
P2-5110 is now a room of UQAC
---------- Generate room (room) ----------
---------- Add room ----------
P2-2760 is now a room of UQAC
---------- Permanent code (student) ----------
Permanent code : Stu222110231 belongs to 2
---------- Add sport ----------
"Sport2" is now a sport of UQAC
---------- Add field ----------
"Field" is now a field of UQAC
---------- Set university (field) ----------
---------- Add field ----------
"Field" is already a field of UQAC
---------- Add field ----------
"Field" is already a field of UQAC
---------- Remove field ----------
"Field" removed from UQAC's field list.
---------- Remove university (field) ----------
"Field" field has no longer university.
---------- Remove field ----------
"Field" doesn't exist in UQAC's field list.
---------- Remove field ----------
"Field" doesn't exist in UQAC's field list.
---------- Permanent code (student) ----------
Permanent code : Stu122110259 belongs to 1
---------- Permanent code (student) ----------
Permanent code : BARS22110206 belongs to Sam
---------- Add sport ----------
"Sport" is now a sport of UQAC
---------- Generate room (room) ----------
---------- Add room ----------
P5-3000 is now a room of UQAC
---------- Generate room (room) ----------
---------- Add room ----------
P2-5910 is now a room of UQAC
---------- Generate room (room) ----------
---------- Add room ----------
P3-1980 is now a room of UQAC
---------- Permanent code (student) ----------
Permanent code : Stu222110220 belongs to 2
---------- Add sport ----------
"Sport2" is now a sport of UQAC
---------- Set university (professor) ----------
Set university to : "Prof 1"
---------- Add professor ----------
"Prof 1" is now a professor of UQAC
---------- Set university (professor) ----------
"Prof 1" is already in this university.
---------- Set university (field) ----------
---------- Add field ----------
"Field" is now a field of UQAC
---------- Set university (field) ----------
---------- Set university (course) ----------
---------- Add course ----------
"Course" is now a course of UQAC
---------- Set university (course) ----------
---------- Set university (student) ----------
---------- Add student ----------
"1 Student" is now a student of UQAC
---------- Set university (student) ----------
---------- Set field (student) ----------
---------- Add student (field) ----------
"1 Student" is now in this field.
---------- Set field (student) ----------
---------- Set professor (course) ----------
---------- Set course (professor) ----------
---------- Set professor (course) ----------
"Prof 1" is already the professor.
---------- Add student (course) ----------
"1 Student" is now in this course.
---------- Add course (student) ----------
"Course" isn't available in the field of "1 Student"
---------- Add student (professor) ----------
"1 Student" already in "Prof 1"'s student list.
---------- Add field (course) ----------
"Field" is now a field of this course.
---------- Add course (field) ----------
"Course" is now in this field.
---------- Add field (course) ----------
"Field" is already a field of this course.
---------- Set room (course) ----------
---------- Set course (room) ----------
---------- Set room (course) ----------
The course already take place in this room.
---------- Set university (course) ----------
---------- Remove university (course) ----------
---------- Remove course ----------
"Course" removed from UQAC's course list.
---------- Remove university (course) ----------
"Course" course isn't in the university.

---------- Remove student (course) ----------
"1 Student" removed from "Course"'s student list.
---------- Remove course (student) ----------
"Course" doesn't exist in "1 Student"'s course list.
---------- Remove student (professor) ----------
"1 Student" isn't in "Prof 1"'s student list.
---------- Remove professor (course) ----------
"Prof 1" no longer teach this course.
---------- Remove course (professor) ----------
---------- Remove professor (course) ----------
"Prof 1" doesn't teach this course.
"Prof 1" professor has no longer course.
---------- Remove room (course) ----------
P5-3000 no longer host the course.
---------- Remove course (room) ----------
"Course" no longer take place in this room.
---------- Remove room (course) ----------
P5-3000 doesn't host this course.
---------- Remove field (course) ----------
"Field" removed from "Course"'s field list.
---------- Remove course (field) ----------
"Course" removed from "Field"'s courses list.
---------- Remove field (course) ----------
"Field" doesn't exist in "Course"'s field list.
"Course" course has no longer university.

---------- Add course ----------
"Course" is now a course of CEGEP
---------- Set university (course) ----------
---------- Permanent code (student) ----------
Permanent code : Stu122110214 belongs to 1
---------- Permanent code (student) ----------
Permanent code : BARS22110273 belongs to Sam
---------- Add sport ----------
"Sport" is now a sport of UQAC
---------- Generate room (room) ----------
---------- Add room ----------
P5-5970 is now a room of UQAC
---------- Generate room (room) ----------
---------- Add room ----------
P0-4940 is now a room of UQAC
---------- Generate room (room) ----------
---------- Add room ----------
P4-1320 is now a room of UQAC
---------- Permanent code (student) ----------
Permanent code : Stu222110294 belongs to 2
---------- Add sport ----------
"Sport2" is now a sport of UQAC
---------- Permanent code (student) ----------
Permanent code : Stu122110271 belongs to 1
---------- Permanent code (student) ----------
Permanent code : BARS22110284 belongs to Sam
---------- Add sport ----------
"Sport" is now a sport of UQAC
---------- Generate room (room) ----------
---------- Add room ----------
P3-3570 is now a room of UQAC
---------- Generate room (room) ----------
---------- Add room ----------
P3-0910 is now a room of UQAC
---------- Generate room (room) ----------
---------- Add room ----------
P4-4830 is now a room of UQAC
---------- Permanent code (student) ----------
Permanent code : Stu222110239 belongs to 2
---------- Add sport ----------
"Sport2" is now a sport of UQAC
---------- Set university (course) ----------
---------- Add course ----------
"Course" is now a course of UQAC
---------- Set university (course) ----------
---------- Add field (course) ----------
Not in the same university.
---------- Set university (field) ----------
---------- Add field ----------
"Field" is now a field of UQAC
---------- Set university (field) ----------
---------- Add field (course) ----------
"Field" is now a field of this course.
---------- Add course (field) ----------
"Course" is now in this field.
---------- Add field (course) ----------
"Field" is already a field of this course.
---------- Remove field (course) ----------
"Field" removed from "Course"'s field list.
---------- Remove course (field) ----------
"Course" removed from "Field"'s courses list.
---------- Remove field (course) ----------
"Field" doesn't exist in "Course"'s field list.
---------- Permanent code (student) ----------
Permanent code : Stu122110293 belongs to 1
---------- Permanent code (student) ----------
Permanent code : BARS22110263 belongs to Sam
---------- Add sport ----------
"Sport" is now a sport of UQAC
---------- Generate room (room) ----------
---------- Add room ----------
P4-2690 is now a room of UQAC
---------- Generate room (room) ----------
---------- Add room ----------
P5-1560 is now a room of UQAC
---------- Generate room (room) ----------
---------- Add room ----------
P5-2490 is now a room of UQAC
---------- Permanent code (student) ----------
Permanent code : Stu222110274 belongs to 2
---------- Add sport ----------
"Sport2" is now a sport of UQAC
---------- Set university (professor) ----------
Set university to : "Professor 1"
---------- Add professor ----------
"Professor 1" is now a professor of UQAC
---------- Set university (professor) ----------
"Professor 1" is already in this university.
---------- Set university (field) ----------
---------- Add field ----------
"Field" is now a field of UQAC
---------- Set university (field) ----------
---------- Set university (course) ----------
---------- Add course ----------
"Course1" is now a course of UQAC
---------- Set university (course) ----------
---------- Set university (student) ----------
---------- Add student ----------
"1 Student" is now a student of UQAC
---------- Set university (student) ----------
---------- Set field (student) ----------
---------- Add student (field) ----------
"1 Student" is now in this field.
---------- Set field (student) ----------
---------- Set course (professor) ----------
---------- Set professor (course) ----------
---------- Set course (professor) ----------
Professor "Professor 1" already have "Course1" course.
---------- Add student (professor) ----------
---------- Add student (course) ----------
"1 Student" is already in this course.
"1 Student" added in "Professor 1"'s student list.
---------- Set university (professor) ----------
---------- Remove university (professor) ----------
---------- Remove student (professor) ----------
"1 Student" removed from "Professor 1"'s student list.
---------- Remove course (professor) ----------
---------- Remove professor (course) ----------
"Professor 1" no longer teach this course.
---------- Remove course (professor) ----------
"Professor 1" professor hasn't this course.
"Professor 1" professor has no longer course.
---------- Remove professor ----------
"Professor 1" removed from UQAC's professor list.
---------- Remove university (professor) ----------
"Professor 1" professor isn't in the university.
"Professor 1" professor has no longer university.
Set university to : "Professor 1"
---------- Add professor ----------
"Professor 1" is now a professor of CEGEP
---------- Set university (professor) ----------
"Professor 1" is already in this university.
---------- Permanent code (student) ----------
Permanent code : Stu122110202 belongs to 1
---------- Permanent code (student) ----------
Permanent code : BARS22110254 belongs to Sam
---------- Add sport ----------
"Sport" is now a sport of UQAC
---------- Generate room (room) ----------
---------- Add room ----------
P3-0600 is now a room of UQAC
---------- Generate room (room) ----------
---------- Add room ----------
P0-3430 is now a room of UQAC
---------- Generate room (room) ----------
---------- Add room ----------
P4-5850 is now a room of UQAC
---------- Permanent code (student) ----------
Permanent code : Stu222110217 belongs to 2
---------- Add sport ----------
"Sport2" is now a sport of UQAC
---------- Add sport ----------
"Sport" is already a sport of UQAC
---------- Add sport ----------
"Sport" is already a sport of UQAC
---------- Add student (sport) ----------
"1 Student" is now in this sport.
---------- Add sport (student) ----------
"Sport" is now a sport of "1 Student"
---------- Add student (sport) ----------
"1 Student" doesn't practice this sport.
---------- Remove sport ----------
"Sport" removed from UQAC's sport list.
---------- Remove student (sport) ----------
"1 Student" removed from this sport.
---------- Remove sport (student) ----------
---------- Remove student (sport) ----------
"1 Student" doesn't practice this sport.
"Sport" removed from "1 Student"'s sport list.
---------- Remove sport ----------
"Sport" doesn't exist in UQAC's sport list.
---------- Permanent code (student) ----------
Permanent code : Stu122110288 belongs to 1
---------- Permanent code (student) ----------
Permanent code : BARS22110258 belongs to Sam
---------- Add sport ----------
"Sport" is now a sport of UQAC
---------- Generate room (room) ----------
---------- Add room ----------
P0-1310 is now a room of UQAC
---------- Generate room (room) ----------
---------- Add room ----------
P2-2440 is now a room of UQAC
---------- Generate room (room) ----------
---------- Add room ----------
P0-5270 is now a room of UQAC
---------- Permanent code (student) ----------
Permanent code : Stu222110222 belongs to 2
---------- Add sport ----------
"Sport2" is now a sport of UQAC
---------- Set university (secretary) ----------
Set university to : "1 Secretary"
---------- Add secretary ----------
"1 Secretary" is now a secretary of UQAC
---------- Set university (secretary) ----------
---------- Set university (secretary) ----------
---------- Remove university (secretary) ----------
"1 Secretary" secretary has no longer university.

---------- Remove secretary ----------
"1 Secretary" removed from UQAC's secretary list.
---------- Remove university (secretary) ----------
"1 Secretary" secretary isn't in the university.

Set university to : "1 Secretary"
---------- Add secretary ----------
"1 Secretary" is now a secretary of CEGEP
---------- Set university (secretary) ----------
---------- Permanent code (student) ----------
Permanent code : Stu122110237 belongs to 1
---------- Permanent code (student) ----------
Permanent code : BARS22110259 belongs to Sam
---------- Add sport ----------
"Sport" is now a sport of UQAC
---------- Generate room (room) ----------
---------- Add room ----------
P2-3420 is now a room of UQAC
---------- Generate room (room) ----------
---------- Add room ----------
P1-2730 is now a room of UQAC
---------- Generate room (room) ----------
---------- Add room ----------
P0-3880 is now a room of UQAC
---------- Permanent code (student) ----------
Permanent code : Stu222110224 belongs to 2
---------- Add sport ----------
"Sport2" is now a sport of UQAC
---------- Set university (admin) ----------
Set university to : "1 Admin"
---------- Add admin ----------
"1 Admin" is now an admin of UQAC
---------- Set university (admin) ----------
---------- Set university (admin) ----------
---------- Remove university (admin) ----------
"1 Admin" admin has no longer university.

---------- Remove admin ----------
"1 Admin" removed from UQAC's admin list.
---------- Remove university (admin) ----------
"1 Admin" admin isn't in the university.

Set university to : "1 Admin"
---------- Add admin ----------
"1 Admin" is now an admin of CEGEP
---------- Set university (admin) ----------
---------- Permanent code (student) ----------
Permanent code : Stu122110277 belongs to 1
---------- Permanent code (student) ----------
Permanent code : BARS22110223 belongs to Sam
---------- Add sport ----------
"Sport" is now a sport of UQAC
---------- Generate room (room) ----------
---------- Add room ----------
P4-4320 is now a room of UQAC
---------- Generate room (room) ----------
---------- Add room ----------
P0-4930 is now a room of UQAC
---------- Generate room (room) ----------
---------- Add room ----------
P5-5210 is now a room of UQAC
---------- Permanent code (student) ----------
Permanent code : Stu222110299 belongs to 2
---------- Add sport ----------
"Sport2" is now a sport of UQAC
---------- Set university (field) ----------
---------- Add field ----------
"Field" is now a field of UQAC
---------- Set university (field) ----------
---------- Set university (course) ----------
---------- Add course ----------
"Course" is now a course of UQAC
---------- Set university (course) ----------
---------- Add field (course) ----------
"Field" is now a field of this course.
---------- Add course (field) ----------
"Course" is now in this field.
---------- Add field (course) ----------
"Field" is already a field of this course.
---------- Set university (student) ----------
---------- Add student ----------
"1 Student" is now a student of UQAC
---------- Set university (student) ----------
---------- Set field (student) ----------
---------- Add student (field) ----------
"1 Student" is now in this field.
---------- Set field (student) ----------
---------- Set university (field) ----------
---------- Remove university (field) ----------
"Field" field has no longer university.
---------- Remove field ----------
"Field" removed from UQAC's field list.
---------- Remove university (field) ----------
"Field" field isn't in the university.
---------- Remove course (field) ----------
"Course" removed from "Field"'s courses list.
---------- Remove field (course) ----------
"Field" removed from "Course"'s field list.
---------- Remove course (field) ----------
"Course" doesn't exist in "Field"'s courses list
---------- Remove student (field) ----------
"1 Student" removed from "Field"'s student list.
---------- Remove field (student) ----------
"1 Student" has no longer field.
---------- Remove student (field) ----------
"1 Student" doesn't exist in "Field"'s student list.
---------- Add field ----------
"Field" is now a field of CEGEP
---------- Set university (field) ----------
---------- Permanent code (student) ----------
Permanent code : Stu122110269 belongs to 1
---------- Permanent code (student) ----------
Permanent code : BARS22110263 belongs to Sam
---------- Add sport ----------
"Sport" is now a sport of UQAC
---------- Generate room (room) ----------
---------- Add room ----------
P3-0180 is now a room of UQAC
---------- Generate room (room) ----------
---------- Add room ----------
P3-2300 is now a room of UQAC
---------- Generate room (room) ----------
---------- Add room ----------
P2-5560 is now a room of UQAC
---------- Permanent code (student) ----------
Permanent code : Stu222110225 belongs to 2
---------- Add sport ----------
"Sport2" is now a sport of UQAC
---------- Set university (professor) ----------
Set university to : "Prof 1"
---------- Add professor ----------
"Prof 1" is now a professor of UQAC
---------- Set university (professor) ----------
"Prof 1" is already in this university.
---------- Set university (field) ----------
---------- Add field ----------
"Field" is now a field of UQAC
---------- Set university (field) ----------
---------- Set university (course) ----------
---------- Add course ----------
"Course" is now a course of CEGEP
---------- Set university (course) ----------
---------- Set professor (course) ----------
"Prof 1" isn't in the same university.
---------- Set university (course) ----------
---------- Remove university (course) ----------
---------- Remove course ----------
"Course" removed from CEGEP's course list.
---------- Remove university (course) ----------
"Course" course isn't in the university.

---------- Remove professor (course) ----------
null doesn't teach this course.
---------- Remove room (course) ----------
null doesn't host this course.
"Course" course has no longer university.

---------- Add course ----------
"Course" is now a course of UQAC
---------- Set university (course) ----------
---------- Set professor (course) ----------
---------- Set course (professor) ----------
---------- Set professor (course) ----------
"Prof 1" is already the professor.
---------- Set university (student) ----------
---------- Add student ----------
"1 Student" is now a student of UQAC
---------- Set university (student) ----------
---------- Set field (student) ----------
---------- Add student (field) ----------
"1 Student" is now in this field.
---------- Set field (student) ----------
---------- Add student (course) ----------
"1 Student" is now in this course.
---------- Add course (student) ----------
"Course" isn't available in the field of "1 Student"
---------- Add student (professor) ----------
"1 Student" already in "Prof 1"'s student list.
---------- Set university (professor) ----------
Set university to : "Professor 2"
---------- Add professor ----------
"Professor 2" is now a professor of UQAC
---------- Set university (professor) ----------
"Professor 2" is already in this university.
---------- Set professor (course) ----------
---------- Remove professor (course) ----------
"Prof 1" no longer teach this course.
---------- Remove course (professor) ----------
---------- Remove professor (course) ----------
"Prof 1" doesn't teach this course.
---------- Remove student (professor) ----------
"1 Student" removed from "Prof 1"'s student list.
"Prof 1" professor has no longer course.
---------- Set course (professor) ----------
---------- Set professor (course) ----------
"Professor 2" is already the professor.
---------- Permanent code (student) ----------
Permanent code : Stu122110204 belongs to 1
---------- Permanent code (student) ----------
Permanent code : BARS22110284 belongs to Sam
---------- Add sport ----------
"Sport" is now a sport of UQAC
---------- Generate room (room) ----------
---------- Add room ----------
P2-0360 is now a room of UQAC
---------- Generate room (room) ----------
---------- Add room ----------
P2-2280 is now a room of UQAC
---------- Generate room (room) ----------
---------- Add room ----------
P0-1590 is now a room of UQAC
---------- Permanent code (student) ----------
Permanent code : Stu222110245 belongs to 2
---------- Add sport ----------
"Sport2" is now a sport of UQAC
---------- Set university (field) ----------
---------- Add field ----------
"Field" is now a field of UQAC
---------- Set university (field) ----------
---------- Set university (student) ----------
---------- Add student ----------
"1 Student" is now a student of CEGEP
---------- Set university (student) ----------
---------- Add student (field) ----------
---------- Set university (student) ----------
---------- Remove university (student) ----------
"1 Student" has no longer university.

---------- Remove student ----------
"1 Student" removed from CEGEP's student list.
---------- Remove university (student) ----------
"1 Student" isn't in this university.

---------- Remove field (student) ----------
"1 Student" isn't in this field.
---------- Add student ----------
"1 Student" is now a student of UQAC
---------- Set university (student) ----------
---------- Add student (field) ----------
"1 Student" is now in this field.
---------- Set field (student) ----------
---------- Add student (field) ----------
"1 Student" is already in this field.
---------- Remove student (field) ----------
"1 Student" removed from "Field"'s student list.
---------- Remove field (student) ----------
"1 Student" has no longer field.
---------- Remove student (field) ----------
"1 Student" doesn't exist in "Field"'s student list.
---------- Permanent code (student) ----------
Permanent code : Stu122110203 belongs to 1
---------- Permanent code (student) ----------
Permanent code : BARS22110266 belongs to Sam
---------- Add sport ----------
"Sport" is now a sport of UQAC
---------- Generate room (room) ----------
---------- Add room ----------
P1-1180 is now a room of UQAC
---------- Generate room (room) ----------
---------- Add room ----------
P4-5320 is now a room of UQAC
---------- Generate room (room) ----------
---------- Add room ----------
P2-5720 is now a room of UQAC
---------- Permanent code (student) ----------
Permanent code : Stu222110254 belongs to 2
---------- Add sport ----------
"Sport2" is now a sport of UQAC
---------- Add student (sport) ----------
"1 Student" is now in this sport.
---------- Add sport (student) ----------
"Sport" is now a sport of "1 Student"
---------- Add student (sport) ----------
"1 Student" doesn't practice this sport.
---------- Remove student (sport) ----------
"1 Student" removed from this sport.
---------- Remove sport (student) ----------
---------- Remove student (sport) ----------
"1 Student" doesn't practice this sport.
"Sport" removed from "1 Student"'s sport list.
---------- Permanent code (student) ----------
Permanent code : Stu122110209 belongs to 1
---------- Permanent code (student) ----------
Permanent code : BARS22110237 belongs to Sam
---------- Add sport ----------
"Sport" is now a sport of UQAC
---------- Generate room (room) ----------
---------- Add room ----------
P2-2040 is now a room of UQAC
---------- Generate room (room) ----------
---------- Add room ----------
P3-5830 is now a room of UQAC
---------- Generate room (room) ----------
---------- Add room ----------
P1-4410 is now a room of UQAC
---------- Permanent code (student) ----------
Permanent code : Stu222110290 belongs to 2
---------- Add sport ----------
"Sport2" is now a sport of UQAC
---------- Set university (professor) ----------
Set university to : "Professor 1"
---------- Add professor ----------
"Professor 1" is now a professor of UQAC
---------- Set university (professor) ----------
"Professor 1" is already in this university.
---------- Set university (field) ----------
---------- Add field ----------
"Field" is now a field of UQAC
---------- Set university (field) ----------
---------- Set university (course) ----------
---------- Add course ----------
"Course1" is now a course of UQAC
---------- Set university (course) ----------
---------- Set course (professor) ----------
---------- Set professor (course) ----------
---------- Set course (professor) ----------
Professor "Professor 1" already have "Course1" course.
---------- Set university (student) ----------
---------- Add student ----------
"1 Student" is now a student of CEGEP
---------- Set university (student) ----------
---------- Add student (professor) ----------
The student isn't in the same university.
---------- Set university (student) ----------
---------- Remove university (student) ----------
"1 Student" has no longer university.

---------- Remove student ----------
"1 Student" removed from CEGEP's student list.
---------- Remove university (student) ----------
"1 Student" isn't in this university.

---------- Remove field (student) ----------
"1 Student" isn't in this field.
---------- Add student ----------
"1 Student" is now a student of UQAC
---------- Set university (student) ----------
---------- Add student (professor) ----------
"1 Student" need a field to have a professor.
---------- Set field (student) ----------
---------- Add student (field) ----------
"1 Student" is now in this field.
---------- Set field (student) ----------
---------- Add student (professor) ----------
---------- Add student (course) ----------
"1 Student" is already in this course.
"1 Student" added in "Professor 1"'s student list.
---------- Add student (professor) ----------
"1 Student" already in "Professor 1"'s student list.
---------- Remove student (professor) ----------
"1 Student" removed from "Professor 1"'s student list.
---------- Remove student (professor) ----------
"1 Student" isn't in "Professor 1"'s student list.
---------- Permanent code (student) ----------
Permanent code : Stu122110254 belongs to 1
---------- Permanent code (student) ----------
Permanent code : BARS22110246 belongs to Sam
---------- Add sport ----------
"Sport" is now a sport of UQAC
---------- Generate room (room) ----------
---------- Add room ----------
P3-3530 is now a room of UQAC
---------- Generate room (room) ----------
---------- Add room ----------
P1-3510 is now a room of UQAC
---------- Generate room (room) ----------
---------- Add room ----------
P2-0310 is now a room of UQAC
---------- Permanent code (student) ----------
Permanent code : Stu222110248 belongs to 2
---------- Add sport ----------
"Sport2" is now a sport of UQAC
---------- Add sport (student) ----------
"Sport" is now a sport of "Sam BARTHAZON"
---------- Add student (sport) ----------
"Sam BARTHAZON" is now in this sport.
---------- Add sport (student) ----------
"Sport" is already a sport of "Sam BARTHAZON"
---------- Remove sport (student) ----------
---------- Remove student (sport) ----------
"Sam BARTHAZON" removed from this sport.
---------- Remove sport (student) ----------
"Sport" doesn't exist in "Sam BARTHAZON"'s sport list.
"Sport" removed from "Sam BARTHAZON"'s sport list.
---------- Permanent code (student) ----------
Permanent code : Stu122110290 belongs to 1
---------- Permanent code (student) ----------
Permanent code : BARS22110268 belongs to Sam
---------- Add sport ----------
"Sport" is now a sport of UQAC
---------- Generate room (room) ----------
---------- Add room ----------
P0-1440 is now a room of UQAC
---------- Generate room (room) ----------
---------- Add room ----------
P3-3420 is now a room of UQAC
---------- Generate room (room) ----------
---------- Add room ----------
P1-3530 is now a room of UQAC
---------- Permanent code (student) ----------
Permanent code : Stu222110215 belongs to 2
---------- Add sport ----------
"Sport2" is now a sport of UQAC
---------- Add secretary ----------
"1 Secretary" is now a secretary of UQAC
---------- Set university (secretary) ----------
Set university to : "1 Secretary"
---------- Add secretary ----------
"1 Secretary" is already a secretary of UQAC
---------- Add secretary ----------
"1 Secretary" is already a secretary of UQAC
---------- Remove secretary ----------
"1 Secretary" removed from UQAC's secretary list.
---------- Remove university (secretary) ----------
"1 Secretary" secretary has no longer university.

---------- Remove secretary ----------
"1 Secretary" doesn't exist in UQAC's secretary list.
---------- Remove secretary ----------
"1 Secretary" doesn't exist in UQAC's secretary list.
---------- Permanent code (student) ----------
Permanent code : Stu122110270 belongs to 1
---------- Permanent code (student) ----------
Permanent code : BARS22110277 belongs to Sam
---------- Add sport ----------
"Sport" is now a sport of UQAC
---------- Generate room (room) ----------
---------- Add room ----------
P4-0210 is now a room of UQAC
---------- Generate room (room) ----------
---------- Add room ----------
P0-0030 is now a room of UQAC
---------- Generate room (room) ----------
---------- Add room ----------
P2-0990 is now a room of UQAC
---------- Permanent code (student) ----------
Permanent code : Stu222110268 belongs to 2
---------- Add sport ----------
"Sport2" is now a sport of UQAC
---------- Add student ----------
"1 Student" is now a student of UQAC
---------- Set university (student) ----------
---------- Add student ----------
"1 Student" is already a student of UQAC
---------- Add student ----------
"1 Student" is already a student of UQAC
---------- Remove student ----------
"1 Student" removed from UQAC's student list.
---------- Remove university (student) ----------
"1 Student" has no longer university.

---------- Remove student ----------
"1 Student" doesn't exist in UQAC's student list.
---------- Remove field (student) ----------
"1 Student" isn't in this field.
---------- Remove student ----------
"1 Student" doesn't exist in UQAC's student list.
---------- Permanent code (student) ----------
Permanent code : Stu122110298 belongs to 1
---------- Permanent code (student) ----------
Permanent code : BARS22110297 belongs to Sam
---------- Add sport ----------
"Sport" is now a sport of UQAC
---------- Generate room (room) ----------
---------- Add room ----------
P2-4030 is now a room of UQAC
---------- Generate room (room) ----------
---------- Add room ----------
P0-1150 is now a room of UQAC
---------- Generate room (room) ----------
---------- Add room ----------
P0-1420 is now a room of UQAC
---------- Permanent code (student) ----------
Permanent code : Stu222110210 belongs to 2
---------- Add sport ----------
"Sport2" is now a sport of UQAC
---------- Set university (field) ----------
---------- Add field ----------
"Field" is now a field of UQAC
---------- Set university (field) ----------
---------- Set university (course) ----------
---------- Add course ----------
"Course" is now a course of CEGEP
---------- Set university (course) ----------
---------- Add course (field) ----------
Not in the same university.
---------- Set university (course) ----------
---------- Remove university (course) ----------
---------- Remove course ----------
"Course" removed from CEGEP's course list.
---------- Remove university (course) ----------
"Course" course isn't in the university.

---------- Remove professor (course) ----------
null doesn't teach this course.
---------- Remove room (course) ----------
null doesn't host this course.
"Course" course has no longer university.

---------- Add course ----------
"Course" is now a course of UQAC
---------- Set university (course) ----------
---------- Add course (field) ----------
"Course" is now in this field.
---------- Add field (course) ----------
"Field" is now a field of this course.
---------- Add course (field) ----------
"Course" already exist in this field.
---------- Remove course (field) ----------
"Course" removed from "Field"'s courses list.
---------- Remove field (course) ----------
"Field" removed from "Course"'s field list.
---------- Remove course (field) ----------
"Course" doesn't exist in "Field"'s courses list
---------- Permanent code (student) ----------
Permanent code : Stu122110249 belongs to 1
---------- Permanent code (student) ----------
Permanent code : BARS22110233 belongs to Sam
---------- Add sport ----------
"Sport" is now a sport of UQAC
---------- Generate room (room) ----------
---------- Add room ----------
P1-0410 is now a room of UQAC
---------- Generate room (room) ----------
---------- Add room ----------
P4-5340 is now a room of UQAC
---------- Generate room (room) ----------
---------- Add room ----------
P5-1690 is now a room of UQAC
---------- Permanent code (student) ----------
Permanent code : Stu222110261 belongs to 2
---------- Add sport ----------
"Sport2" is now a sport of UQAC
---------- Permanent code (student) ----------
Permanent code : Stu122110268 belongs to 1
---------- Permanent code (student) ----------
Permanent code : BARS22110240 belongs to Sam
---------- Add sport ----------
"Sport" is now a sport of UQAC
---------- Generate room (room) ----------
---------- Add room ----------
P2-5070 is now a room of UQAC
---------- Generate room (room) ----------
---------- Add room ----------
P2-1890 is now a room of UQAC
---------- Generate room (room) ----------
---------- Add room ----------
P4-3220 is now a room of UQAC
---------- Permanent code (student) ----------
Permanent code : Stu222110272 belongs to 2
---------- Add sport ----------
"Sport2" is now a sport of UQAC
---------- Permanent code (student) ----------
Permanent code : Stu122110223 belongs to 1
---------- Permanent code (student) ----------
Permanent code : BARS22110291 belongs to Sam
---------- Add sport ----------
"Sport" is now a sport of UQAC
---------- Generate room (room) ----------
---------- Add room ----------
P0-5300 is now a room of UQAC
---------- Generate room (room) ----------
---------- Add room ----------
P1-1850 is now a room of UQAC
---------- Generate room (room) ----------
---------- Add room ----------
P1-1640 is now a room of UQAC
---------- Permanent code (student) ----------
Permanent code : Stu222110284 belongs to 2
---------- Add sport ----------
"Sport2" is now a sport of UQAC
---------- Permanent code (student) ----------
Permanent code : Stu122110292 belongs to 1
---------- Permanent code (student) ----------
Permanent code : BARS22110253 belongs to Sam
---------- Add sport ----------
"Sport" is now a sport of UQAC
---------- Generate room (room) ----------
---------- Add room ----------
P5-5150 is now a room of UQAC
---------- Generate room (room) ----------
---------- Add room ----------
P4-2800 is now a room of UQAC
---------- Generate room (room) ----------
---------- Add room ----------
P5-3190 is now a room of UQAC
---------- Permanent code (student) ----------
Permanent code : Stu222110249 belongs to 2
---------- Add sport ----------
"Sport2" is now a sport of UQAC
---------- Set room (course) ----------
---------- Set course (room) ----------
---------- Set room (course) ----------
The course already take place in this room.
---------- Set room (course) ----------
---------- Remove room (course) ----------
P5-5150 no longer host the course.
---------- Remove course (room) ----------
"Course" no longer take place in this room.
---------- Remove room (course) ----------
P5-5150 doesn't host this course.
---------- Set course (room) ----------
---------- Set room (course) ----------
The course already take place in this room.
---------- Permanent code (student) ----------
Permanent code : Stu122110280 belongs to 1
---------- Permanent code (student) ----------
Permanent code : BARS22110267 belongs to Sam
---------- Add sport ----------
"Sport" is now a sport of UQAC
---------- Generate room (room) ----------
---------- Add room ----------
P3-5660 is now a room of UQAC
---------- Generate room (room) ----------
---------- Add room ----------
P4-2900 is now a room of UQAC
---------- Generate room (room) ----------
---------- Add room ----------
P4-0000 is now a room of UQAC
---------- Permanent code (student) ----------
Permanent code : Stu222110221 belongs to 2
---------- Add sport ----------
"Sport2" is now a sport of UQAC
---------- Add admin ----------
"1 Admin" is now an admin of UQAC
---------- Set university (admin) ----------
Set university to : "1 Admin"
---------- Add admin ----------
"1 Admin" is already an admin of UQAC
---------- Add admin ----------
"1 Admin" is already an admin of UQAC
---------- Remove admin ----------
"1 Admin" removed from UQAC's admin list.
---------- Remove university (admin) ----------
"1 Admin" admin has no longer university.

---------- Remove admin ----------
"1 Admin" doesn't exist in UQAC's admin list.
---------- Remove admin ----------
"1 Admin" doesn't exist in UQAC's admin list.
---------- Permanent code (student) ----------
Permanent code : Stu122110227 belongs to 1
---------- Permanent code (student) ----------
Permanent code : BARS22110206 belongs to Sam
---------- Add sport ----------
"Sport" is now a sport of UQAC
---------- Generate room (room) ----------
---------- Add room ----------
P3-1960 is now a room of UQAC
---------- Generate room (room) ----------
---------- Add room ----------
P5-4000 is now a room of UQAC
---------- Generate room (room) ----------
---------- Add room ----------
P4-2950 is now a room of UQAC
---------- Permanent code (student) ----------
Permanent code : Stu222110292 belongs to 2
---------- Add sport ----------
"Sport2" is now a sport of UQAC
---------- Add admin ----------
"1 Admin" is now an admin of UQAC
---------- Set university (admin) ----------
Set university to : "1 Admin"
---------- Add admin ----------
"1 Admin" is already an admin of UQAC
---------- Add admin ----------
"Admin 2" is now an admin of UQAC
---------- Set university (admin) ----------
Set university to : "Admin 2"
---------- Add admin ----------
"Admin 2" is already an admin of UQAC
---------- Add secretary ----------
"1 Secretary" is now a secretary of UQAC
---------- Set university (secretary) ----------
Set university to : "1 Secretary"
---------- Add secretary ----------
"1 Secretary" is already a secretary of UQAC
---------- Add secretary ----------
"Secretary 2" is now a secretary of UQAC
---------- Set university (secretary) ----------
Set university to : "Secretary 2"
---------- Add secretary ----------
"Secretary 2" is already a secretary of UQAC
---------- Add professor ----------
"Professor 1" is now a professor of UQAC
---------- Set university (professor) ----------
Set university to : "Professor 1"
---------- Add professor ----------
"Professor 1" is already a professor of UQAC
---------- Add professor ----------
"Professor 2" is now a professor of UQAC
---------- Set university (professor) ----------
Set university to : "Professor 2"
---------- Add professor ----------
"Professor 2" is already a professor of UQAC
---------- Add student ----------
"1 Student" is now a student of UQAC
---------- Set university (student) ----------
---------- Add student ----------
"1 Student" is already a student of UQAC
---------- Add student ----------
"2 Student" is now a student of UQAC
---------- Set university (student) ----------
---------- Add student ----------
"2 Student" is already a student of UQAC
---------- Add course ----------
"Course" is now a course of UQAC
---------- Set university (course) ----------
---------- Add course ----------
"Course" is already a course of UQAC
---------- Add course ----------
"Course2" is now a course of UQAC
---------- Set university (course) ----------
---------- Add course ----------
"Course2" is already a course of UQAC
---------- Add field ----------
"Field" is now a field of UQAC
---------- Set university (field) ----------
---------- Add field ----------
"Field" is already a field of UQAC
---------- Add field ----------
"Field2" is now a field of UQAC
---------- Set university (field) ----------
---------- Add field ----------
"Field2" is already a field of UQAC
---------- Add sport ----------
"Sport" is already a sport of UQAC
---------- Add sport ----------
"Sport2" is already a sport of UQAC
---------- Add room ----------
P4-2950 is already a room of UQAC
{
"UQAC": {
	"Name" : "UQAC",
	"Administrators" : [
		{
			"Firstname" : "Admin",
			"Lastname" : "1",
			"Function" : "Admin"
		},
		{
			"Firstname" : "2",
			"Lastname" : "Admin",
			"Function" : "Admin"
		}
	],
	"Secretaries" : [
		{
			"Firstname" : "Secretary",
			"Lastname" : "1",
			"Function" : "Secretary"
		},
		{
			"Firstname" : "2",
			"Lastname" : "Secretary",
			"Function" : "Secretary"
		}
	],
	"Professors" : [
			{
			"Firstname" : "2",
			"Lastname" : "Professor",
			"Function" : "Professor",
			"Course" : null,
			"Student list" : []
			},
			{
			"Firstname" : "1",
			"Lastname" : "Professor",
			"Function" : "Professor",
			"Course" : null,
			"Student list" : []
			}
	],
	"Students" : [
		{
			"Firstname" : "1",
			"Lastname" : "Student",
			"Birthday" : "22/11/02",
			"Permanent Code" : "Stu122110227",
			"Field" : null,
			"Courses list" : [],
			"Sport list" : []
		},
		{
			"Firstname" : "2",
			"Lastname" : "Student",
			"Birthday" : "22/11/02",
			"Permanent Code" : "Stu222110292",
			"Field" : null,
			"Courses list" : [],
			"Sport list" : []
		}
	],
	"Fields" : [
		{
			"Name" : "Field",
			"Courses list" : [],
			"Student list" : []
		},
		{
			"Name" : "Field2",
			"Courses list" : [],
			"Student list" : []
		}
	],
	"Courses" : [
		{
			"Name" : "Course2",
			"Professor" : null,
			"Field list" : [],
			"Room" : "null"
		},
		{
			"Name" : "Course",
			"Professor" : null,
			"Field list" : [],
			"Room" : "null"
		}
	],
	"Rooms" : [
		{
			"Course" : null,
			"Room number" : "P5-4000"
		},
		{
			"Course" : null,
			"Room number" : "P3-1960"
		},
		{
			"Course" : null,
			"Room number" : "P4-2950"
		}
	],
	"Sports" : [
		{
			"Name" : "Sport2",
			"Student list" : []
		},
		{
			"Name" : "Sport",
			"Student list" : []
		}
	]
}
}
---------- Permanent code (student) ----------
Permanent code : Stu122110259 belongs to 1
---------- Permanent code (student) ----------
Permanent code : BARS22110206 belongs to Sam
---------- Add sport ----------
"Sport" is now a sport of UQAC
---------- Generate room (room) ----------
---------- Add room ----------
P3-0280 is now a room of UQAC
---------- Generate room (room) ----------
---------- Add room ----------
P2-1850 is now a room of UQAC
---------- Generate room (room) ----------
---------- Add room ----------
P0-5430 is now a room of UQAC
---------- Permanent code (student) ----------
Permanent code : Stu222110247 belongs to 2
---------- Add sport ----------
"Sport2" is now a sport of UQAC
---------- Add room ----------
P0-5430 is already a room of UQAC
---------- Add room ----------
P0-5430 is already a room of UQAC
---------- Remove room ----------
P0-5430 removed from UQAC's room list.
---------- Remove room ----------
P0-5430 doesn't exist in UQAC's room list.
---------- Permanent code (student) ----------
Permanent code : Stu122110267 belongs to 1
---------- Permanent code (student) ----------
Permanent code : BARS22110239 belongs to Sam
---------- Add sport ----------
"Sport" is now a sport of UQAC
---------- Generate room (room) ----------
---------- Add room ----------
P4-1310 is now a room of UQAC
---------- Generate room (room) ----------
---------- Add room ----------
P2-0130 is now a room of UQAC
---------- Generate room (room) ----------
---------- Add room ----------
P1-5480 is now a room of UQAC
---------- Permanent code (student) ----------
Permanent code : Stu222110266 belongs to 2
---------- Add sport ----------
"Sport2" is now a sport of UQAC
---------- Set course (professor) ----------
"Professor 1" hasn't university.
---------- Set university (professor) ----------
Set university to : "Professor 1"
---------- Add professor ----------
"Professor 1" is now a professor of UQAC
---------- Set university (professor) ----------
"Professor 1" is already in this university.
---------- Set course (professor) ----------
Professor "Professor 1" and course "Course1" aren't in the same university.
---------- Set university (course) ----------
---------- Add course ----------
"Course1" is now a course of UQAC
---------- Set university (course) ----------
---------- Set course (professor) ----------
---------- Set professor (course) ----------
---------- Set course (professor) ----------
Professor "Professor 1" already have "Course1" course.
---------- Set university (course) ----------
---------- Add course ----------
"Course2" is now a course of UQAC
---------- Set university (course) ----------
---------- Set university (field) ----------
---------- Add field ----------
"Field" is now a field of UQAC
---------- Set university (field) ----------
---------- Set university (student) ----------
---------- Add student ----------
"1 Student" is now a student of UQAC
---------- Set university (student) ----------
---------- Set field (student) ----------
---------- Add student (field) ----------
"1 Student" is now in this field.
---------- Set field (student) ----------
---------- Add student (professor) ----------
---------- Add student (course) ----------
"1 Student" is already in this course.
"1 Student" added in "Professor 1"'s student list.
---------- Set course (professor) ----------
---------- Remove course (professor) ----------
---------- Remove professor (course) ----------
"Professor 1" no longer teach this course.
---------- Remove course (professor) ----------
"Professor 1" professor hasn't this course.
---------- Remove student (professor) ----------
"1 Student" removed from "Professor 1"'s student list.
"Professor 1" professor has no longer course.
---------- Set professor (course) ----------
---------- Set course (professor) ----------
Professor "Professor 1" already have "Course2" course.
---------- Permanent code (student) ----------
Permanent code : Stu122110278 belongs to 1
---------- Permanent code (student) ----------
Permanent code : BARS22110221 belongs to Sam
---------- Add sport ----------
"Sport" is now a sport of UQAC
---------- Generate room (room) ----------
---------- Add room ----------
P0-3390 is now a room of UQAC
---------- Generate room (room) ----------
---------- Add room ----------
P3-1980 is now a room of UQAC
---------- Generate room (room) ----------
---------- Add room ----------
P5-1730 is now a room of UQAC
---------- Permanent code (student) ----------
Permanent code : Stu222110236 belongs to 2
---------- Add sport ----------
"Sport2" is now a sport of UQAC
---------- Permanent code (student) ----------
Permanent code : Stu122110283 belongs to 1
---------- Permanent code (student) ----------
Permanent code : BARS22110214 belongs to Sam
---------- Add sport ----------
"Sport" is now a sport of UQAC
---------- Generate room (room) ----------
---------- Add room ----------
P0-1240 is now a room of UQAC
---------- Generate room (room) ----------
---------- Add room ----------
P3-1590 is now a room of UQAC
---------- Generate room (room) ----------
---------- Add room ----------
P3-3890 is now a room of UQAC
---------- Permanent code (student) ----------
Permanent code : Stu222110251 belongs to 2
---------- Add sport ----------
"Sport2" is now a sport of UQAC
---------- Add course ----------
"Course" is now a course of UQAC
---------- Set university (course) ----------
---------- Add course ----------
"Course" is already a course of UQAC
---------- Add course ----------
"Course" is already a course of UQAC
---------- Remove course ----------
"Course" removed from UQAC's course list.
---------- Remove university (course) ----------
---------- Remove course ----------
"Course" doesn't exist in UQAC's course list.
---------- Remove professor (course) ----------
null doesn't teach this course.
---------- Remove room (course) ----------
null doesn't host this course.
"Course" course has no longer university.

---------- Remove course ----------
"Course" doesn't exist in UQAC's course list.
---------- Permanent code (student) ----------
Permanent code : Stu122110284 belongs to 1
---------- Permanent code (student) ----------
Permanent code : BARS22110291 belongs to Sam
---------- Add sport ----------
"Sport" is now a sport of UQAC
---------- Generate room (room) ----------
---------- Add room ----------
P3-5630 is now a room of UQAC
---------- Generate room (room) ----------
---------- Add room ----------
P1-4760 is now a room of UQAC
---------- Generate room (room) ----------
---------- Add room ----------
P3-1480 is now a room of UQAC
---------- Permanent code (student) ----------
Permanent code : Stu222110288 belongs to 2
---------- Add sport ----------
"Sport2" is now a sport of UQAC
---------- Permanent code (student) ----------
Permanent code : Stu122110228 belongs to 1
---------- Permanent code (student) ----------
Permanent code : BARS22110291 belongs to Sam
---------- Add sport ----------
"Sport" is now a sport of UQAC
---------- Generate room (room) ----------
---------- Add room ----------
P1-4390 is now a room of UQAC
---------- Generate room (room) ----------
---------- Add room ----------
P0-5740 is now a room of UQAC
---------- Generate room (room) ----------
---------- Add room ----------
P3-0840 is now a room of UQAC
---------- Permanent code (student) ----------
Permanent code : Stu222110210 belongs to 2
---------- Add sport ----------
"Sport2" is now a sport of UQAC
---------- Permanent code (student) ----------
Permanent code : Stu122110294 belongs to 1
---------- Permanent code (student) ----------
Permanent code : BARS22110285 belongs to Sam
---------- Add sport ----------
"Sport" is now a sport of UQAC
---------- Generate room (room) ----------
---------- Add room ----------
P2-4290 is now a room of UQAC
---------- Generate room (room) ----------
---------- Add room ----------
P3-5730 is now a room of UQAC
---------- Generate room (room) ----------
---------- Add room ----------
P2-1730 is now a room of UQAC
---------- Permanent code (student) ----------
Permanent code : Stu222110284 belongs to 2
---------- Add sport ----------
"Sport2" is now a sport of UQAC
---------- Permanent code (student) ----------
Permanent code : Stu122110218 belongs to 1
---------- Permanent code (student) ----------
Permanent code : BARS22110220 belongs to Sam
---------- Add sport ----------
"Sport" is now a sport of UQAC
---------- Generate room (room) ----------
---------- Add room ----------
P5-1940 is now a room of UQAC
---------- Generate room (room) ----------
---------- Add room ----------
P2-1120 is now a room of UQAC
---------- Generate room (room) ----------
---------- Add room ----------
P4-4210 is now a room of UQAC
---------- Permanent code (student) ----------
Permanent code : Stu222110289 belongs to 2
---------- Add sport ----------
"Sport2" is now a sport of UQAC
---------- Set university (professor) ----------
Set university to : "Prof 1"
---------- Add professor ----------
"Prof 1" is now a professor of UQAC
---------- Set university (professor) ----------
"Prof 1" is already in this university.
---------- Set university (field) ----------
---------- Add field ----------
"Field1" is now a field of UQAC
---------- Set university (field) ----------
---------- Set university (course) ----------
---------- Add course ----------
"Course1" is now a course of UQAC
---------- Set university (course) ----------
---------- Set professor (course) ----------
---------- Set course (professor) ----------
---------- Set professor (course) ----------
"Prof 1" is already the professor.
---------- Add field (course) ----------
"Field1" is now a field of this course.
---------- Add course (field) ----------
"Course1" is now in this field.
---------- Add field (course) ----------
"Field1" is already a field of this course.
---------- Set university (course) ----------
---------- Add course ----------
"Course2" is now a course of UQAC
---------- Set university (course) ----------
---------- Add field (course) ----------
Not in the same university.
---------- Set university (student) ----------
---------- Add student ----------
"Sam BARTHAZON" is now a student of UQAC
---------- Set university (student) ----------
---------- Add course (student) ----------
"Sam BARTHAZON" student need a field to add a course.

---------- Set field (student) ----------
---------- Add student (field) ----------
"Sam BARTHAZON" is now in this field.
---------- Set field (student) ----------
---------- Add course (student) ----------
"Course2" isn't available in the field of "Sam BARTHAZON"
---------- Add course (student) ----------
"Course1" is now a course of "Sam BARTHAZON"
---------- Add student (course) ----------
"Sam BARTHAZON" is now in this course.
---------- Add course (student) ----------
"Course1" is already a course of "Sam BARTHAZON"
---------- Add student (professor) ----------
"Sam BARTHAZON" already in "Prof 1"'s student list.
---------- Permanent code (student) ----------
Permanent code : Stu122110287 belongs to 1
---------- Permanent code (student) ----------
Permanent code : BARS22110274 belongs to Sam
---------- Add sport ----------
"Sport" is now a sport of UQAC
---------- Generate room (room) ----------
---------- Add room ----------
P0-5070 is now a room of UQAC
---------- Generate room (room) ----------
---------- Add room ----------
P2-0510 is now a room of UQAC
---------- Generate room (room) ----------
---------- Add room ----------
P1-2900 is now a room of UQAC
---------- Permanent code (student) ----------
Permanent code : Stu222110249 belongs to 2
---------- Add sport ----------
"Sport2" is now a sport of UQAC
---------- Set university (professor) ----------
Set university to : "Prof 1"
---------- Add professor ----------
"Prof 1" is now a professor of UQAC
---------- Set university (professor) ----------
"Prof 1" is already in this university.
---------- Set university (field) ----------
---------- Add field ----------
"Field1" is now a field of UQAC
---------- Set university (field) ----------
---------- Set university (field) ----------
---------- Add field ----------
"Field2" is now a field of UQAC
---------- Set university (field) ----------
---------- Set university (course) ----------
---------- Add course ----------
"Course1" is now a course of UQAC
---------- Set university (course) ----------
---------- Set course (professor) ----------
---------- Set professor (course) ----------
---------- Set course (professor) ----------
Professor "Prof 1" already have "Course1" course.
---------- Add field (course) ----------
"Field1" is now a field of this course.
---------- Add course (field) ----------
"Course1" is now in this field.
---------- Add field (course) ----------
"Field1" is already a field of this course.
---------- Set university (student) ----------
---------- Add student ----------
"Sam BARTHAZON" is now a student of UQAC
---------- Set university (student) ----------
---------- Set field (student) ----------
---------- Add student (field) ----------
"Sam BARTHAZON" is now in this field.
---------- Set field (student) ----------
---------- Add course (student) ----------
"Course1" is now a course of "Sam BARTHAZON"
---------- Add student (course) ----------
"Sam BARTHAZON" is now in this course.
---------- Add course (student) ----------
"Course1" is already a course of "Sam BARTHAZON"
---------- Add student (professor) ----------
"Sam BARTHAZON" already in "Prof 1"'s student list.
---------- Set field (student) ----------
---------- Remove field (student) ----------
"Sam BARTHAZON" has no longer field.
---------- Remove course (student) ----------
"Course1" removed from "Sam BARTHAZON"'s course list.
---------- Remove student (course) ----------
"Sam BARTHAZON" removed from "Course1"'s student list.
---------- Remove course (student) ----------
"Course1" doesn't exist in "Sam BARTHAZON"'s course list.
---------- Remove student (professor) ----------
"Sam BARTHAZON" isn't in "Prof 1"'s student list.
---------- Remove student (field) ----------
"Sam BARTHAZON" removed from "Field1"'s student list.
---------- Remove field (student) ----------
"Sam BARTHAZON" isn't in this field.
---------- Add student (field) ----------
"Sam BARTHAZON" is now in this field.
---------- Set field (student) ----------
]]></system-out>
  <system-err><![CDATA[]]></system-err>
</testsuite>
