<?xml version="1.0" encoding="UTF-8"?>
<testsuite name="ca.uqac.inf334.TestAll" tests="40" skipped="0" failures="0" errors="0" timestamp="2022-04-16T21:57:02" hostname="Air-de-Sam" time="0.123">
  <properties/>
  <testcase name="TestPermanentCode()" classname="ca.uqac.inf334.TestAll" time="0.001"/>
  <testcase name="TestStudentForCourse()" classname="ca.uqac.inf334.TestAll" time="0.002"/>
  <testcase name="TestCourseForRoom()" classname="ca.uqac.inf334.TestAll" time="0.001"/>
  <testcase name="TestToStringForStudent()" classname="ca.uqac.inf334.TestAll" time="0.001"/>
  <testcase name="TestToJSONForStudent()" classname="ca.uqac.inf334.TestAll" time="0.001"/>
  <testcase name="TestProfessorForUniversity()" classname="ca.uqac.inf334.TestAll" time="0.001"/>
  <testcase name="TestUniversityForStudent()" classname="ca.uqac.inf334.TestAll" time="0.001"/>
  <testcase name="TestToJSONForRoom()" classname="ca.uqac.inf334.TestAll" time="0.001"/>
  <testcase name="TestFieldForUniversity()" classname="ca.uqac.inf334.TestAll" time="0.002"/>
  <testcase name="TestUniversityForCourse()" classname="ca.uqac.inf334.TestAll" time="0.003"/>
  <testcase name="TestRemoveCourseForStudent()" classname="ca.uqac.inf334.TestAll" time="0.001"/>
  <testcase name="TestFieldForCourse()" classname="ca.uqac.inf334.TestAll" time="0.002"/>
  <testcase name="TestUniversityForProfessor()" classname="ca.uqac.inf334.TestAll" time="0.002"/>
  <testcase name="TestSportForUniversity()" classname="ca.uqac.inf334.TestAll" time="0.001"/>
  <testcase name="TestUniversityForSecretary()" classname="ca.uqac.inf334.TestAll" time="0.0"/>
  <testcase name="TestUniversityForAdmin()" classname="ca.uqac.inf334.TestAll" time="0.001"/>
  <testcase name="TestUniversityForField()" classname="ca.uqac.inf334.TestAll" time="0.002"/>
  <testcase name="TestProfessorForCourse()" classname="ca.uqac.inf334.TestAll" time="0.002"/>
  <testcase name="TestStudentForField()" classname="ca.uqac.inf334.TestAll" time="0.001"/>
  <testcase name="TestStudentForSport()" classname="ca.uqac.inf334.TestAll" time="0.001"/>
  <testcase name="TestStudentForProfessor()" classname="ca.uqac.inf334.TestAll" time="0.001"/>
  <testcase name="TestSportForStudent()" classname="ca.uqac.inf334.TestAll" time="0.002"/>
  <testcase name="TestSecretaryForUniversity()" classname="ca.uqac.inf334.TestAll" time="0.004"/>
  <testcase name="TestStudentForUniversity()" classname="ca.uqac.inf334.TestAll" time="0.003"/>
  <testcase name="TestCourseForField()" classname="ca.uqac.inf334.TestAll" time="0.001"/>
  <testcase name="TestToJSONForAdmin()" classname="ca.uqac.inf334.TestAll" time="0.002"/>
  <testcase name="TestToJSONForField()" classname="ca.uqac.inf334.TestAll" time="0.001"/>
  <testcase name="TestToJSONForSport()" classname="ca.uqac.inf334.TestAll" time="0.001"/>
  <testcase name="TestRoomForCourse()" classname="ca.uqac.inf334.TestAll" time="0.001"/>
  <testcase name="TestAdminForUniversity()" classname="ca.uqac.inf334.TestAll" time="0.002"/>
  <testcase name="TestToJSONForUniversity()" classname="ca.uqac.inf334.TestAll" time="0.007"/>
  <testcase name="TestRoomForUniversity()" classname="ca.uqac.inf334.TestAll" time="0.003"/>
  <testcase name="TestCourseForProfessor()" classname="ca.uqac.inf334.TestAll" time="0.003"/>
  <testcase name="TestToJSONForProfessor()" classname="ca.uqac.inf334.TestAll" time="0.001"/>
  <testcase name="TestCourseForUniversity()" classname="ca.uqac.inf334.TestAll" time="0.001"/>
  <testcase name="TestToJSONForSecretary()" classname="ca.uqac.inf334.TestAll" time="0.001"/>
  <testcase name="TestToJSONForCourse()" classname="ca.uqac.inf334.TestAll" time="0.002"/>
  <testcase name="TestGenerateRoom()" classname="ca.uqac.inf334.TestAll" time="0.002"/>
  <testcase name="TestAddCourseForStudent()" classname="ca.uqac.inf334.TestAll" time="0.002"/>
  <testcase name="TestFieldForStudent()" classname="ca.uqac.inf334.TestAll" time="0.002"/>
  <system-out><![CDATA[---------- Permanent code (student) ----------
Permanent code : Stu122110242 belongs to 1
---------- Permanent code (student) ----------
Permanent code : BARS22110238 belongs to Sam
---------- Add sport ----------
"Sport" is now a sport of UQAC
---------- Generate room (room) ----------
---------- Add room ----------
P3-0660 is now a room of UQAC
---------- Generate room (room) ----------
---------- Add room ----------
P0-4760 is now a room of UQAC
---------- Generate room (room) ----------
---------- Add room ----------
P4-0800 is now a room of UQAC
---------- Permanent code (student) ----------
Permanent code : Stu222110268 belongs to 2
---------- Add sport ----------
"Sport2" is now a sport of UQAC
---------- Permanent code (student) ----------
Permanent code : Stu122110215 belongs to 1
---------- Permanent code (student) ----------
Permanent code : BARS22110280 belongs to Sam
---------- Add sport ----------
"Sport" is now a sport of UQAC
---------- Generate room (room) ----------
---------- Add room ----------
P5-4690 is now a room of UQAC
---------- Generate room (room) ----------
---------- Add room ----------
P3-3950 is now a room of UQAC
---------- Generate room (room) ----------
---------- Add room ----------
P4-3040 is now a room of UQAC
---------- Permanent code (student) ----------
Permanent code : Stu222110258 belongs to 2
---------- Add sport ----------
"Sport2" is now a sport of UQAC
---------- Set university (professor) ----------
Set university to : "Prof 1"
---------- Add professor ----------
"Prof 1" is now a professor of UQAC
---------- Set university (professor) ----------
"Prof 1" is already in this university.
---------- Set university (course) ----------
---------- Add course ----------
"Course" is now a course of UQAC
---------- Set university (course) ----------
---------- Set professor (course) ----------
---------- Set course (professor) ----------
---------- Set professor (course) ----------
"Prof 1" is already the professor.
---------- Set university (field) ----------
---------- Add field ----------
"Field" is now a field of UQAC
---------- Set university (field) ----------
---------- Add field (course) ----------
"Field" is now a field of this course.
---------- Add course (field) ----------
"Course" is now in this field.
---------- Add field (course) ----------
"Field" is already a field of this course.
---------- Add student (course) ----------
Not in the same university.
---------- Set university (student) ----------
---------- Add student ----------
"1 Student" is now a student of UQAC
---------- Set university (student) ----------
---------- Set field (student) ----------
---------- Add student (field) ----------
"1 Student" is now in this field.
---------- Set field (student) ----------
---------- Add student (course) ----------
"1 Student" is now in this course.
---------- Add course (student) ----------
"Course" is now a course of "1 Student"
---------- Add student (course) ----------
"1 Student" is already in this course.
---------- Add student (professor) ----------
"1 Student" already in "Prof 1"'s student list.
---------- Add student (course) ----------
"1 Student" is already in this course.
---------- Remove student (course) ----------
"1 Student" removed from "Course"'s student list.
---------- Remove course (student) ----------
"Course" removed from "1 Student"'s course list.
---------- Remove student (course) ----------
"1 Student" doesn't exist in "Course"'s student list.
---------- Remove student (professor) ----------
"1 Student" isn't in "Prof 1"'s student list.
---------- Remove student (course) ----------
"1 Student" doesn't exist in "Course"'s student list.
---------- Permanent code (student) ----------
Permanent code : Stu122110260 belongs to 1
---------- Permanent code (student) ----------
Permanent code : BARS22110294 belongs to Sam
---------- Add sport ----------
"Sport" is now a sport of UQAC
---------- Generate room (room) ----------
---------- Add room ----------
P0-2620 is now a room of UQAC
---------- Generate room (room) ----------
---------- Add room ----------
P3-2270 is now a room of UQAC
---------- Generate room (room) ----------
---------- Add room ----------
P5-0520 is now a room of UQAC
---------- Permanent code (student) ----------
Permanent code : Stu222110243 belongs to 2
---------- Add sport ----------
"Sport2" is now a sport of UQAC
---------- Set course (room) ----------
---------- Set room (course) ----------
---------- Set course (room) ----------
---------- Set course (room) ----------
---------- Remove course (room) ----------
"Course1" no longer take place in this room.
---------- Remove room (course) ----------
P5-0520 no longer host the course.
---------- Remove course (room) ----------
"Course1" doesn't take place in this room.
---------- Set room (course) ----------
---------- Set course (room) ----------
---------- Permanent code (student) ----------
Permanent code : Stu122110223 belongs to 1
---------- Permanent code (student) ----------
Permanent code : BARS22110260 belongs to Sam
---------- Add sport ----------
"Sport" is now a sport of UQAC
---------- Generate room (room) ----------
---------- Add room ----------
P4-0370 is now a room of UQAC
---------- Generate room (room) ----------
---------- Add room ----------
P2-5470 is now a room of UQAC
---------- Generate room (room) ----------
---------- Add room ----------
P4-5930 is now a room of UQAC
---------- Permanent code (student) ----------
Permanent code : Stu222110234 belongs to 2
---------- Add sport ----------
"Sport2" is now a sport of UQAC
---------- Permanent code (student) ----------
Permanent code : Stu122110275 belongs to 1
---------- Permanent code (student) ----------
Permanent code : BARS22110285 belongs to Sam
---------- Add sport ----------
"Sport" is now a sport of UQAC
---------- Generate room (room) ----------
---------- Add room ----------
P0-5110 is now a room of UQAC
---------- Generate room (room) ----------
---------- Add room ----------
P4-0670 is now a room of UQAC
---------- Generate room (room) ----------
---------- Add room ----------
P0-3970 is now a room of UQAC
---------- Permanent code (student) ----------
Permanent code : Stu222110253 belongs to 2
---------- Add sport ----------
"Sport2" is now a sport of UQAC
---------- Permanent code (student) ----------
Permanent code : Stu122110223 belongs to 1
---------- Permanent code (student) ----------
Permanent code : BARS22110293 belongs to Sam
---------- Add sport ----------
"Sport" is now a sport of UQAC
---------- Generate room (room) ----------
---------- Add room ----------
P1-3910 is now a room of UQAC
---------- Generate room (room) ----------
---------- Add room ----------
P0-4060 is now a room of UQAC
---------- Generate room (room) ----------
---------- Add room ----------
P1-5210 is now a room of UQAC
---------- Permanent code (student) ----------
Permanent code : Stu222110241 belongs to 2
---------- Add sport ----------
"Sport2" is now a sport of UQAC
---------- Add professor ----------
"Professor 1" is now a professor of UQAC
---------- Set university (professor) ----------
Set university to : "Professor 1"
---------- Add professor ----------
"Professor 1" is already a professor of UQAC
---------- Add professor ----------
"Professor 1" is already a professor of UQAC
---------- Remove professor ----------
"Professor 1" removed from UQAC's professor list.
---------- Remove university (professor) ----------
---------- Remove course (professor) ----------
"Professor 1" professor hasn't this course.
---------- Remove professor ----------
"Professor 1" doesn't exist in UQAC's professor list.
"Professor 1" professor has no longer university.
---------- Remove professor ----------
"Professor 1" doesn't exist in UQAC's professor list.
---------- Permanent code (student) ----------
Permanent code : Stu122110291 belongs to 1
---------- Permanent code (student) ----------
Permanent code : BARS22110229 belongs to Sam
---------- Add sport ----------
"Sport" is now a sport of UQAC
---------- Generate room (room) ----------
---------- Add room ----------
P2-2700 is now a room of UQAC
---------- Generate room (room) ----------
---------- Add room ----------
P4-3290 is now a room of UQAC
---------- Generate room (room) ----------
---------- Add room ----------
P4-5030 is now a room of UQAC
---------- Permanent code (student) ----------
Permanent code : Stu222110208 belongs to 2
---------- Add sport ----------
"Sport2" is now a sport of UQAC
---------- Set university (student) ----------
---------- Add student ----------
"Sam BARTHAZON" is now a student of UQAC
---------- Set university (student) ----------
---------- Add sport (student) ----------
"Sport" is now a sport of "Sam BARTHAZON"
---------- Add student (sport) ----------
"Sam BARTHAZON" is now in this sport.
---------- Add sport (student) ----------
"Sport" is already a sport of "Sam BARTHAZON"
---------- Set university (student) ----------
---------- Remove university (student) ----------
"Sam BARTHAZON" has no longer university.

---------- Remove student ----------
"Sam BARTHAZON" removed from UQAC's student list.
---------- Remove university (student) ----------
"Sam BARTHAZON" isn't in this university.

---------- Remove field (student) ----------
"Sam BARTHAZON" isn't in this field.
---------- Remove sport (student) ----------
---------- Remove student (sport) ----------
"Sam BARTHAZON" removed from this sport.
---------- Remove sport (student) ----------
"Sport" doesn't exist in "Sam BARTHAZON"'s sport list.
"Sport" removed from "Sam BARTHAZON"'s sport list.
---------- Add student ----------
"Sam BARTHAZON" is now a student of CEGEP
---------- Set university (student) ----------
---------- Permanent code (student) ----------
Permanent code : Stu122110251 belongs to 1
---------- Permanent code (student) ----------
Permanent code : BARS22110260 belongs to Sam
---------- Add sport ----------
"Sport" is now a sport of UQAC
---------- Generate room (room) ----------
---------- Add room ----------
P5-5270 is now a room of UQAC
---------- Generate room (room) ----------
---------- Add room ----------
P1-4630 is now a room of UQAC
---------- Generate room (room) ----------
---------- Add room ----------
P5-3350 is now a room of UQAC
---------- Permanent code (student) ----------
Permanent code : Stu222110278 belongs to 2
---------- Add sport ----------
"Sport2" is now a sport of UQAC
---------- Permanent code (student) ----------
Permanent code : Stu122110243 belongs to 1
---------- Permanent code (student) ----------
Permanent code : BARS22110262 belongs to Sam
---------- Add sport ----------
"Sport" is now a sport of UQAC
---------- Generate room (room) ----------
---------- Add room ----------
P5-0370 is now a room of UQAC
---------- Generate room (room) ----------
---------- Add room ----------
P1-3220 is now a room of UQAC
---------- Generate room (room) ----------
---------- Add room ----------
P4-0400 is now a room of UQAC
---------- Permanent code (student) ----------
Permanent code : Stu222110238 belongs to 2
---------- Add sport ----------
"Sport2" is now a sport of UQAC
---------- Add field ----------
"Field" is now a field of UQAC
---------- Set university (field) ----------
---------- Add field ----------
"Field" is already a field of UQAC
---------- Add field ----------
"Field" is already a field of UQAC
---------- Remove field ----------
"Field" removed from UQAC's field list.
---------- Remove university (field) ----------
"Field" field has no longer university.
---------- Remove field ----------
"Field" doesn't exist in UQAC's field list.
---------- Remove field ----------
"Field" doesn't exist in UQAC's field list.
---------- Permanent code (student) ----------
Permanent code : Stu122110225 belongs to 1
---------- Permanent code (student) ----------
Permanent code : BARS22110229 belongs to Sam
---------- Add sport ----------
"Sport" is now a sport of UQAC
---------- Generate room (room) ----------
---------- Add room ----------
P3-5430 is now a room of UQAC
---------- Generate room (room) ----------
---------- Add room ----------
P2-4260 is now a room of UQAC
---------- Generate room (room) ----------
---------- Add room ----------
P3-3660 is now a room of UQAC
---------- Permanent code (student) ----------
Permanent code : Stu222110209 belongs to 2
---------- Add sport ----------
"Sport2" is now a sport of UQAC
---------- Set university (professor) ----------
Set university to : "Prof 1"
---------- Add professor ----------
"Prof 1" is now a professor of UQAC
---------- Set university (professor) ----------
"Prof 1" is already in this university.
---------- Set university (field) ----------
---------- Add field ----------
"Field" is now a field of UQAC
---------- Set university (field) ----------
---------- Set university (course) ----------
---------- Add course ----------
"Course" is now a course of UQAC
---------- Set university (course) ----------
---------- Set university (student) ----------
---------- Add student ----------
"1 Student" is now a student of UQAC
---------- Set university (student) ----------
---------- Set field (student) ----------
---------- Add student (field) ----------
"1 Student" is now in this field.
---------- Set field (student) ----------
---------- Set professor (course) ----------
---------- Set course (professor) ----------
---------- Set professor (course) ----------
"Prof 1" is already the professor.
---------- Add student (course) ----------
"1 Student" is now in this course.
---------- Add course (student) ----------
"Course" isn't available in the field of "1 Student"
---------- Add student (professor) ----------
"1 Student" already in "Prof 1"'s student list.
---------- Add field (course) ----------
"Field" is now a field of this course.
---------- Add course (field) ----------
"Course" is now in this field.
---------- Add field (course) ----------
"Field" is already a field of this course.
---------- Set room (course) ----------
---------- Set course (room) ----------
---------- Set room (course) ----------
The course already take place in this room.
---------- Set university (course) ----------
---------- Remove university (course) ----------
---------- Remove course ----------
"Course" removed from UQAC's course list.
---------- Remove university (course) ----------
"Course" course isn't in the university.

---------- Remove student (course) ----------
"1 Student" removed from "Course"'s student list.
---------- Remove course (student) ----------
"Course" doesn't exist in "1 Student"'s course list.
---------- Remove student (professor) ----------
"1 Student" isn't in "Prof 1"'s student list.
---------- Remove professor (course) ----------
"Prof 1" no longer teach this course.
---------- Remove course (professor) ----------
---------- Remove professor (course) ----------
"Prof 1" doesn't teach this course.
"Prof 1" professor has no longer course.
---------- Remove room (course) ----------
P3-5430 no longer host the course.
---------- Remove course (room) ----------
"Course" no longer take place in this room.
---------- Remove room (course) ----------
P3-5430 doesn't host this course.
---------- Remove field (course) ----------
"Field" removed from "Course"'s field list.
---------- Remove course (field) ----------
"Course" removed from "Field"'s courses list.
---------- Remove field (course) ----------
"Field" doesn't exist in "Course"'s field list.
"Course" course has no longer university.

---------- Add course ----------
"Course" is now a course of CEGEP
---------- Set university (course) ----------
---------- Permanent code (student) ----------
Permanent code : Stu122110222 belongs to 1
---------- Permanent code (student) ----------
Permanent code : BARS22110236 belongs to Sam
---------- Add sport ----------
"Sport" is now a sport of UQAC
---------- Generate room (room) ----------
---------- Add room ----------
P0-2780 is now a room of UQAC
---------- Generate room (room) ----------
---------- Add room ----------
P2-5940 is now a room of UQAC
---------- Generate room (room) ----------
---------- Add room ----------
P4-3430 is now a room of UQAC
---------- Permanent code (student) ----------
Permanent code : Stu222110234 belongs to 2
---------- Add sport ----------
"Sport2" is now a sport of UQAC
---------- Permanent code (student) ----------
Permanent code : Stu122110239 belongs to 1
---------- Permanent code (student) ----------
Permanent code : BARS22110238 belongs to Sam
---------- Add sport ----------
"Sport" is now a sport of UQAC
---------- Generate room (room) ----------
---------- Add room ----------
P1-0120 is now a room of UQAC
---------- Generate room (room) ----------
---------- Add room ----------
P1-0030 is now a room of UQAC
---------- Generate room (room) ----------
---------- Add room ----------
P4-2110 is now a room of UQAC
---------- Permanent code (student) ----------
Permanent code : Stu222110229 belongs to 2
---------- Add sport ----------
"Sport2" is now a sport of UQAC
---------- Set university (course) ----------
---------- Add course ----------
"Course" is now a course of UQAC
---------- Set university (course) ----------
---------- Add field (course) ----------
Not in the same university.
---------- Set university (field) ----------
---------- Add field ----------
"Field" is now a field of UQAC
---------- Set university (field) ----------
---------- Add field (course) ----------
"Field" is now a field of this course.
---------- Add course (field) ----------
"Course" is now in this field.
---------- Add field (course) ----------
"Field" is already a field of this course.
---------- Remove field (course) ----------
"Field" removed from "Course"'s field list.
---------- Remove course (field) ----------
"Course" removed from "Field"'s courses list.
---------- Remove field (course) ----------
"Field" doesn't exist in "Course"'s field list.
---------- Permanent code (student) ----------
Permanent code : Stu122110256 belongs to 1
---------- Permanent code (student) ----------
Permanent code : BARS22110287 belongs to Sam
---------- Add sport ----------
"Sport" is now a sport of UQAC
---------- Generate room (room) ----------
---------- Add room ----------
P5-5890 is now a room of UQAC
---------- Generate room (room) ----------
---------- Add room ----------
P5-3260 is now a room of UQAC
---------- Generate room (room) ----------
---------- Add room ----------
P5-2900 is now a room of UQAC
---------- Permanent code (student) ----------
Permanent code : Stu222110282 belongs to 2
---------- Add sport ----------
"Sport2" is now a sport of UQAC
---------- Set university (professor) ----------
Set university to : "Professor 1"
---------- Add professor ----------
"Professor 1" is now a professor of UQAC
---------- Set university (professor) ----------
"Professor 1" is already in this university.
---------- Set university (field) ----------
---------- Add field ----------
"Field" is now a field of UQAC
---------- Set university (field) ----------
---------- Set university (course) ----------
---------- Add course ----------
"Course1" is now a course of UQAC
---------- Set university (course) ----------
---------- Set university (student) ----------
---------- Add student ----------
"1 Student" is now a student of UQAC
---------- Set university (student) ----------
---------- Set field (student) ----------
---------- Add student (field) ----------
"1 Student" is now in this field.
---------- Set field (student) ----------
---------- Set course (professor) ----------
---------- Set professor (course) ----------
---------- Set course (professor) ----------
Professor "Professor 1" already have "Course1" course.
---------- Add student (professor) ----------
---------- Add student (course) ----------
"1 Student" is already in this course.
"1 Student" added in "Professor 1"'s student list.
---------- Set university (professor) ----------
---------- Remove university (professor) ----------
---------- Remove student (professor) ----------
"1 Student" removed from "Professor 1"'s student list.
---------- Remove course (professor) ----------
---------- Remove professor (course) ----------
"Professor 1" no longer teach this course.
---------- Remove course (professor) ----------
"Professor 1" professor hasn't this course.
"Professor 1" professor has no longer course.
---------- Remove professor ----------
"Professor 1" removed from UQAC's professor list.
---------- Remove university (professor) ----------
"Professor 1" professor isn't in the university.
"Professor 1" professor has no longer university.
Set university to : "Professor 1"
---------- Add professor ----------
"Professor 1" is now a professor of CEGEP
---------- Set university (professor) ----------
"Professor 1" is already in this university.
---------- Permanent code (student) ----------
Permanent code : Stu122110247 belongs to 1
---------- Permanent code (student) ----------
Permanent code : BARS22110227 belongs to Sam
---------- Add sport ----------
"Sport" is now a sport of UQAC
---------- Generate room (room) ----------
---------- Add room ----------
P5-3150 is now a room of UQAC
---------- Generate room (room) ----------
---------- Add room ----------
P2-1860 is now a room of UQAC
---------- Generate room (room) ----------
---------- Add room ----------
P0-0400 is now a room of UQAC
---------- Permanent code (student) ----------
Permanent code : Stu222110205 belongs to 2
---------- Add sport ----------
"Sport2" is now a sport of UQAC
---------- Add sport ----------
"Sport" is already a sport of UQAC
---------- Add sport ----------
"Sport" is already a sport of UQAC
---------- Add student (sport) ----------
"1 Student" is now in this sport.
---------- Add sport (student) ----------
"Sport" is now a sport of "1 Student"
---------- Add student (sport) ----------
"1 Student" doesn't practice this sport.
---------- Remove sport ----------
"Sport" removed from UQAC's sport list.
---------- Remove student (sport) ----------
"1 Student" removed from this sport.
---------- Remove sport (student) ----------
---------- Remove student (sport) ----------
"1 Student" doesn't practice this sport.
"Sport" removed from "1 Student"'s sport list.
---------- Remove sport ----------
"Sport" doesn't exist in UQAC's sport list.
---------- Permanent code (student) ----------
Permanent code : Stu122110208 belongs to 1
---------- Permanent code (student) ----------
Permanent code : BARS22110221 belongs to Sam
---------- Add sport ----------
"Sport" is now a sport of UQAC
---------- Generate room (room) ----------
---------- Add room ----------
P4-5100 is now a room of UQAC
---------- Generate room (room) ----------
---------- Add room ----------
P5-3510 is now a room of UQAC
---------- Generate room (room) ----------
---------- Add room ----------
P0-2500 is now a room of UQAC
---------- Permanent code (student) ----------
Permanent code : Stu222110255 belongs to 2
---------- Add sport ----------
"Sport2" is now a sport of UQAC
---------- Set university (secretary) ----------
Set university to : "1 Secretary"
---------- Add secretary ----------
"1 Secretary" is now a secretary of UQAC
---------- Set university (secretary) ----------
---------- Set university (secretary) ----------
---------- Remove university (secretary) ----------
"1 Secretary" secretary has no longer university.

---------- Remove secretary ----------
"1 Secretary" removed from UQAC's secretary list.
---------- Remove university (secretary) ----------
"1 Secretary" secretary isn't in the university.

Set university to : "1 Secretary"
---------- Add secretary ----------
"1 Secretary" is now a secretary of CEGEP
---------- Set university (secretary) ----------
---------- Permanent code (student) ----------
Permanent code : Stu122110236 belongs to 1
---------- Permanent code (student) ----------
Permanent code : BARS22110270 belongs to Sam
---------- Add sport ----------
"Sport" is now a sport of UQAC
---------- Generate room (room) ----------
---------- Add room ----------
P1-5580 is now a room of UQAC
---------- Generate room (room) ----------
---------- Add room ----------
P5-5480 is now a room of UQAC
---------- Generate room (room) ----------
---------- Add room ----------
P1-5500 is now a room of UQAC
---------- Permanent code (student) ----------
Permanent code : Stu222110297 belongs to 2
---------- Add sport ----------
"Sport2" is now a sport of UQAC
---------- Set university (admin) ----------
Set university to : "1 Admin"
---------- Add admin ----------
"1 Admin" is now an admin of UQAC
---------- Set university (admin) ----------
---------- Set university (admin) ----------
---------- Remove university (admin) ----------
"1 Admin" admin has no longer university.

---------- Remove admin ----------
"1 Admin" removed from UQAC's admin list.
---------- Remove university (admin) ----------
"1 Admin" admin isn't in the university.

Set university to : "1 Admin"
---------- Add admin ----------
"1 Admin" is now an admin of CEGEP
---------- Set university (admin) ----------
---------- Permanent code (student) ----------
Permanent code : Stu122110231 belongs to 1
---------- Permanent code (student) ----------
Permanent code : BARS22110230 belongs to Sam
---------- Add sport ----------
"Sport" is now a sport of UQAC
---------- Generate room (room) ----------
---------- Add room ----------
P4-2350 is now a room of UQAC
---------- Generate room (room) ----------
---------- Add room ----------
P0-0720 is now a room of UQAC
---------- Generate room (room) ----------
---------- Add room ----------
P0-1010 is now a room of UQAC
---------- Permanent code (student) ----------
Permanent code : Stu222110208 belongs to 2
---------- Add sport ----------
"Sport2" is now a sport of UQAC
---------- Set university (field) ----------
---------- Add field ----------
"Field" is now a field of UQAC
---------- Set university (field) ----------
---------- Set university (course) ----------
---------- Add course ----------
"Course" is now a course of UQAC
---------- Set university (course) ----------
---------- Add field (course) ----------
"Field" is now a field of this course.
---------- Add course (field) ----------
"Course" is now in this field.
---------- Add field (course) ----------
"Field" is already a field of this course.
---------- Set university (student) ----------
---------- Add student ----------
"1 Student" is now a student of UQAC
---------- Set university (student) ----------
---------- Set field (student) ----------
---------- Add student (field) ----------
"1 Student" is now in this field.
---------- Set field (student) ----------
---------- Set university (field) ----------
---------- Remove university (field) ----------
"Field" field has no longer university.
---------- Remove field ----------
"Field" removed from UQAC's field list.
---------- Remove university (field) ----------
"Field" field isn't in the university.
---------- Remove course (field) ----------
"Course" removed from "Field"'s courses list.
---------- Remove field (course) ----------
"Field" removed from "Course"'s field list.
---------- Remove course (field) ----------
"Course" doesn't exist in "Field"'s courses list
---------- Remove student (field) ----------
"1 Student" removed from "Field"'s student list.
---------- Remove field (student) ----------
"1 Student" has no longer field.
---------- Remove student (field) ----------
"1 Student" doesn't exist in "Field"'s student list.
---------- Add field ----------
"Field" is now a field of CEGEP
---------- Set university (field) ----------
---------- Permanent code (student) ----------
Permanent code : Stu122110261 belongs to 1
---------- Permanent code (student) ----------
Permanent code : BARS22110222 belongs to Sam
---------- Add sport ----------
"Sport" is now a sport of UQAC
---------- Generate room (room) ----------
---------- Add room ----------
P1-3990 is now a room of UQAC
---------- Generate room (room) ----------
---------- Add room ----------
P4-4580 is now a room of UQAC
---------- Generate room (room) ----------
---------- Add room ----------
P5-0920 is now a room of UQAC
---------- Permanent code (student) ----------
Permanent code : Stu222110294 belongs to 2
---------- Add sport ----------
"Sport2" is now a sport of UQAC
---------- Set university (professor) ----------
Set university to : "Prof 1"
---------- Add professor ----------
"Prof 1" is now a professor of UQAC
---------- Set university (professor) ----------
"Prof 1" is already in this university.
---------- Set university (field) ----------
---------- Add field ----------
"Field" is now a field of UQAC
---------- Set university (field) ----------
---------- Set university (course) ----------
---------- Add course ----------
"Course" is now a course of CEGEP
---------- Set university (course) ----------
---------- Set professor (course) ----------
"Prof 1" isn't in the same university.
---------- Set university (course) ----------
---------- Remove university (course) ----------
---------- Remove course ----------
"Course" removed from CEGEP's course list.
---------- Remove university (course) ----------
"Course" course isn't in the university.

---------- Remove professor (course) ----------
null doesn't teach this course.
---------- Remove room (course) ----------
null doesn't host this course.
"Course" course has no longer university.

---------- Add course ----------
"Course" is now a course of UQAC
---------- Set university (course) ----------
---------- Set professor (course) ----------
---------- Set course (professor) ----------
---------- Set professor (course) ----------
"Prof 1" is already the professor.
---------- Set university (student) ----------
---------- Add student ----------
"1 Student" is now a student of UQAC
---------- Set university (student) ----------
---------- Set field (student) ----------
---------- Add student (field) ----------
"1 Student" is now in this field.
---------- Set field (student) ----------
---------- Add student (course) ----------
"1 Student" is now in this course.
---------- Add course (student) ----------
"Course" isn't available in the field of "1 Student"
---------- Add student (professor) ----------
"1 Student" already in "Prof 1"'s student list.
---------- Set university (professor) ----------
Set university to : "Professor 2"
---------- Add professor ----------
"Professor 2" is now a professor of UQAC
---------- Set university (professor) ----------
"Professor 2" is already in this university.
---------- Set professor (course) ----------
---------- Remove professor (course) ----------
"Prof 1" no longer teach this course.
---------- Remove course (professor) ----------
---------- Remove professor (course) ----------
"Prof 1" doesn't teach this course.
---------- Remove student (professor) ----------
"1 Student" removed from "Prof 1"'s student list.
"Prof 1" professor has no longer course.
---------- Set course (professor) ----------
---------- Set professor (course) ----------
"Professor 2" is already the professor.
---------- Permanent code (student) ----------
Permanent code : Stu122110259 belongs to 1
---------- Permanent code (student) ----------
Permanent code : BARS22110271 belongs to Sam
---------- Add sport ----------
"Sport" is now a sport of UQAC
---------- Generate room (room) ----------
---------- Add room ----------
P3-2890 is now a room of UQAC
---------- Generate room (room) ----------
---------- Add room ----------
P1-5620 is now a room of UQAC
---------- Generate room (room) ----------
---------- Add room ----------
P5-0290 is now a room of UQAC
---------- Permanent code (student) ----------
Permanent code : Stu222110292 belongs to 2
---------- Add sport ----------
"Sport2" is now a sport of UQAC
---------- Set university (field) ----------
---------- Add field ----------
"Field" is now a field of UQAC
---------- Set university (field) ----------
---------- Set university (student) ----------
---------- Add student ----------
"1 Student" is now a student of CEGEP
---------- Set university (student) ----------
---------- Add student (field) ----------
---------- Set university (student) ----------
---------- Remove university (student) ----------
"1 Student" has no longer university.

---------- Remove student ----------
"1 Student" removed from CEGEP's student list.
---------- Remove university (student) ----------
"1 Student" isn't in this university.

---------- Remove field (student) ----------
"1 Student" isn't in this field.
---------- Add student ----------
"1 Student" is now a student of UQAC
---------- Set university (student) ----------
---------- Add student (field) ----------
"1 Student" is now in this field.
---------- Set field (student) ----------
---------- Add student (field) ----------
"1 Student" is already in this field.
---------- Remove student (field) ----------
"1 Student" removed from "Field"'s student list.
---------- Remove field (student) ----------
"1 Student" has no longer field.
---------- Remove student (field) ----------
"1 Student" doesn't exist in "Field"'s student list.
---------- Permanent code (student) ----------
Permanent code : Stu122110298 belongs to 1
---------- Permanent code (student) ----------
Permanent code : BARS22110243 belongs to Sam
---------- Add sport ----------
"Sport" is now a sport of UQAC
---------- Generate room (room) ----------
---------- Add room ----------
P4-0940 is now a room of UQAC
---------- Generate room (room) ----------
---------- Add room ----------
P5-3090 is now a room of UQAC
---------- Generate room (room) ----------
---------- Add room ----------
P2-4750 is now a room of UQAC
---------- Permanent code (student) ----------
Permanent code : Stu222110267 belongs to 2
---------- Add sport ----------
"Sport2" is now a sport of UQAC
---------- Add student (sport) ----------
"1 Student" is now in this sport.
---------- Add sport (student) ----------
"Sport" is now a sport of "1 Student"
---------- Add student (sport) ----------
"1 Student" doesn't practice this sport.
---------- Remove student (sport) ----------
"1 Student" removed from this sport.
---------- Remove sport (student) ----------
---------- Remove student (sport) ----------
"1 Student" doesn't practice this sport.
"Sport" removed from "1 Student"'s sport list.
---------- Permanent code (student) ----------
Permanent code : Stu122110215 belongs to 1
---------- Permanent code (student) ----------
Permanent code : BARS22110264 belongs to Sam
---------- Add sport ----------
"Sport" is now a sport of UQAC
---------- Generate room (room) ----------
---------- Add room ----------
P2-3790 is now a room of UQAC
---------- Generate room (room) ----------
---------- Add room ----------
P3-0600 is now a room of UQAC
---------- Generate room (room) ----------
---------- Add room ----------
P4-3280 is now a room of UQAC
---------- Permanent code (student) ----------
Permanent code : Stu222110273 belongs to 2
---------- Add sport ----------
"Sport2" is now a sport of UQAC
---------- Set university (professor) ----------
Set university to : "Professor 1"
---------- Add professor ----------
"Professor 1" is now a professor of UQAC
---------- Set university (professor) ----------
"Professor 1" is already in this university.
---------- Set university (field) ----------
---------- Add field ----------
"Field" is now a field of UQAC
---------- Set university (field) ----------
---------- Set university (course) ----------
---------- Add course ----------
"Course1" is now a course of UQAC
---------- Set university (course) ----------
---------- Set course (professor) ----------
---------- Set professor (course) ----------
---------- Set course (professor) ----------
Professor "Professor 1" already have "Course1" course.
---------- Set university (student) ----------
---------- Add student ----------
"1 Student" is now a student of CEGEP
---------- Set university (student) ----------
---------- Add student (professor) ----------
The student isn't in the same university.
---------- Set university (student) ----------
---------- Remove university (student) ----------
"1 Student" has no longer university.

---------- Remove student ----------
"1 Student" removed from CEGEP's student list.
---------- Remove university (student) ----------
"1 Student" isn't in this university.

---------- Remove field (student) ----------
"1 Student" isn't in this field.
---------- Add student ----------
"1 Student" is now a student of UQAC
---------- Set university (student) ----------
---------- Add student (professor) ----------
"1 Student" need a field to have a professor.
---------- Set field (student) ----------
---------- Add student (field) ----------
"1 Student" is now in this field.
---------- Set field (student) ----------
---------- Add student (professor) ----------
---------- Add student (course) ----------
"1 Student" is already in this course.
"1 Student" added in "Professor 1"'s student list.
---------- Add student (professor) ----------
"1 Student" already in "Professor 1"'s student list.
---------- Remove student (professor) ----------
"1 Student" removed from "Professor 1"'s student list.
---------- Remove student (professor) ----------
"1 Student" isn't in "Professor 1"'s student list.
---------- Permanent code (student) ----------
Permanent code : Stu122110240 belongs to 1
---------- Permanent code (student) ----------
Permanent code : BARS22110206 belongs to Sam
---------- Add sport ----------
"Sport" is now a sport of UQAC
---------- Generate room (room) ----------
---------- Add room ----------
P5-3400 is now a room of UQAC
---------- Generate room (room) ----------
---------- Add room ----------
P3-5690 is now a room of UQAC
---------- Generate room (room) ----------
---------- Add room ----------
P3-1370 is now a room of UQAC
---------- Permanent code (student) ----------
Permanent code : Stu222110262 belongs to 2
---------- Add sport ----------
"Sport2" is now a sport of UQAC
---------- Add sport (student) ----------
"Sport" is now a sport of "Sam BARTHAZON"
---------- Add student (sport) ----------
"Sam BARTHAZON" is now in this sport.
---------- Add sport (student) ----------
"Sport" is already a sport of "Sam BARTHAZON"
---------- Remove sport (student) ----------
---------- Remove student (sport) ----------
"Sam BARTHAZON" removed from this sport.
---------- Remove sport (student) ----------
"Sport" doesn't exist in "Sam BARTHAZON"'s sport list.
"Sport" removed from "Sam BARTHAZON"'s sport list.
---------- Permanent code (student) ----------
Permanent code : Stu122110254 belongs to 1
---------- Permanent code (student) ----------
Permanent code : BARS22110246 belongs to Sam
---------- Add sport ----------
"Sport" is now a sport of UQAC
---------- Generate room (room) ----------
---------- Add room ----------
P4-2110 is now a room of UQAC
---------- Generate room (room) ----------
---------- Add room ----------
P4-1970 is now a room of UQAC
---------- Generate room (room) ----------
---------- Add room ----------
P5-1090 is now a room of UQAC
---------- Permanent code (student) ----------
Permanent code : Stu222110218 belongs to 2
---------- Add sport ----------
"Sport2" is now a sport of UQAC
---------- Add secretary ----------
"1 Secretary" is now a secretary of UQAC
---------- Set university (secretary) ----------
Set university to : "1 Secretary"
---------- Add secretary ----------
"1 Secretary" is already a secretary of UQAC
---------- Add secretary ----------
"1 Secretary" is already a secretary of UQAC
---------- Remove secretary ----------
"1 Secretary" removed from UQAC's secretary list.
---------- Remove university (secretary) ----------
"1 Secretary" secretary has no longer university.

---------- Remove secretary ----------
"1 Secretary" doesn't exist in UQAC's secretary list.
---------- Remove secretary ----------
"1 Secretary" doesn't exist in UQAC's secretary list.
---------- Permanent code (student) ----------
Permanent code : Stu122110237 belongs to 1
---------- Permanent code (student) ----------
Permanent code : BARS22110225 belongs to Sam
---------- Add sport ----------
"Sport" is now a sport of UQAC
---------- Generate room (room) ----------
---------- Add room ----------
P5-5410 is now a room of UQAC
---------- Generate room (room) ----------
---------- Add room ----------
P3-3240 is now a room of UQAC
---------- Generate room (room) ----------
---------- Add room ----------
P4-1640 is now a room of UQAC
---------- Permanent code (student) ----------
Permanent code : Stu222110249 belongs to 2
---------- Add sport ----------
"Sport2" is now a sport of UQAC
---------- Add student ----------
"1 Student" is now a student of UQAC
---------- Set university (student) ----------
---------- Add student ----------
"1 Student" is already a student of UQAC
---------- Add student ----------
"1 Student" is already a student of UQAC
---------- Remove student ----------
"1 Student" removed from UQAC's student list.
---------- Remove university (student) ----------
"1 Student" has no longer university.

---------- Remove student ----------
"1 Student" doesn't exist in UQAC's student list.
---------- Remove field (student) ----------
"1 Student" isn't in this field.
---------- Remove student ----------
"1 Student" doesn't exist in UQAC's student list.
---------- Permanent code (student) ----------
Permanent code : Stu122110224 belongs to 1
---------- Permanent code (student) ----------
Permanent code : BARS22110256 belongs to Sam
---------- Add sport ----------
"Sport" is now a sport of UQAC
---------- Generate room (room) ----------
---------- Add room ----------
P4-2290 is now a room of UQAC
---------- Generate room (room) ----------
---------- Add room ----------
P0-3480 is now a room of UQAC
---------- Generate room (room) ----------
---------- Add room ----------
P5-0690 is now a room of UQAC
---------- Permanent code (student) ----------
Permanent code : Stu222110204 belongs to 2
---------- Add sport ----------
"Sport2" is now a sport of UQAC
---------- Set university (field) ----------
---------- Add field ----------
"Field" is now a field of UQAC
---------- Set university (field) ----------
---------- Set university (course) ----------
---------- Add course ----------
"Course" is now a course of CEGEP
---------- Set university (course) ----------
---------- Add course (field) ----------
Not in the same university.
---------- Set university (course) ----------
---------- Remove university (course) ----------
---------- Remove course ----------
"Course" removed from CEGEP's course list.
---------- Remove university (course) ----------
"Course" course isn't in the university.

---------- Remove professor (course) ----------
null doesn't teach this course.
---------- Remove room (course) ----------
null doesn't host this course.
"Course" course has no longer university.

---------- Add course ----------
"Course" is now a course of UQAC
---------- Set university (course) ----------
---------- Add course (field) ----------
"Course" is now in this field.
---------- Add field (course) ----------
"Field" is now a field of this course.
---------- Add course (field) ----------
"Course" already exist in this field.
---------- Remove course (field) ----------
"Course" removed from "Field"'s courses list.
---------- Remove field (course) ----------
"Field" removed from "Course"'s field list.
---------- Remove course (field) ----------
"Course" doesn't exist in "Field"'s courses list
---------- Permanent code (student) ----------
Permanent code : Stu122110223 belongs to 1
---------- Permanent code (student) ----------
Permanent code : BARS22110241 belongs to Sam
---------- Add sport ----------
"Sport" is now a sport of UQAC
---------- Generate room (room) ----------
---------- Add room ----------
P1-0270 is now a room of UQAC
---------- Generate room (room) ----------
---------- Add room ----------
P1-1720 is now a room of UQAC
---------- Generate room (room) ----------
---------- Add room ----------
P3-1150 is now a room of UQAC
---------- Permanent code (student) ----------
Permanent code : Stu222110274 belongs to 2
---------- Add sport ----------
"Sport2" is now a sport of UQAC
---------- Permanent code (student) ----------
Permanent code : Stu122110201 belongs to 1
---------- Permanent code (student) ----------
Permanent code : BARS22110288 belongs to Sam
---------- Add sport ----------
"Sport" is now a sport of UQAC
---------- Generate room (room) ----------
---------- Add room ----------
P2-4080 is now a room of UQAC
---------- Generate room (room) ----------
---------- Add room ----------
P3-5460 is now a room of UQAC
---------- Generate room (room) ----------
---------- Add room ----------
P0-5850 is now a room of UQAC
---------- Permanent code (student) ----------
Permanent code : Stu222110219 belongs to 2
---------- Add sport ----------
"Sport2" is now a sport of UQAC
---------- Permanent code (student) ----------
Permanent code : Stu122110223 belongs to 1
---------- Permanent code (student) ----------
Permanent code : BARS22110201 belongs to Sam
---------- Add sport ----------
"Sport" is now a sport of UQAC
---------- Generate room (room) ----------
---------- Add room ----------
P3-2840 is now a room of UQAC
---------- Generate room (room) ----------
---------- Add room ----------
P5-1630 is now a room of UQAC
---------- Generate room (room) ----------
---------- Add room ----------
P1-0340 is now a room of UQAC
---------- Permanent code (student) ----------
Permanent code : Stu222110204 belongs to 2
---------- Add sport ----------
"Sport2" is now a sport of UQAC
---------- Permanent code (student) ----------
Permanent code : Stu122110250 belongs to 1
---------- Permanent code (student) ----------
Permanent code : BARS22110215 belongs to Sam
---------- Add sport ----------
"Sport" is now a sport of UQAC
---------- Generate room (room) ----------
---------- Add room ----------
P1-5340 is now a room of UQAC
---------- Generate room (room) ----------
---------- Add room ----------
P2-2930 is now a room of UQAC
---------- Generate room (room) ----------
---------- Add room ----------
P1-0210 is now a room of UQAC
---------- Permanent code (student) ----------
Permanent code : Stu222110209 belongs to 2
---------- Add sport ----------
"Sport2" is now a sport of UQAC
---------- Set room (course) ----------
---------- Set course (room) ----------
---------- Set room (course) ----------
The course already take place in this room.
---------- Set room (course) ----------
---------- Remove room (course) ----------
P1-5340 no longer host the course.
---------- Remove course (room) ----------
"Course" no longer take place in this room.
---------- Remove room (course) ----------
P1-5340 doesn't host this course.
---------- Set course (room) ----------
---------- Set room (course) ----------
The course already take place in this room.
---------- Permanent code (student) ----------
Permanent code : Stu122110246 belongs to 1
---------- Permanent code (student) ----------
Permanent code : BARS22110214 belongs to Sam
---------- Add sport ----------
"Sport" is now a sport of UQAC
---------- Generate room (room) ----------
---------- Add room ----------
P4-2100 is now a room of UQAC
---------- Generate room (room) ----------
---------- Add room ----------
P5-4570 is now a room of UQAC
---------- Generate room (room) ----------
---------- Add room ----------
P2-4750 is now a room of UQAC
---------- Permanent code (student) ----------
Permanent code : Stu222110221 belongs to 2
---------- Add sport ----------
"Sport2" is now a sport of UQAC
---------- Add admin ----------
"1 Admin" is now an admin of UQAC
---------- Set university (admin) ----------
Set university to : "1 Admin"
---------- Add admin ----------
"1 Admin" is already an admin of UQAC
---------- Add admin ----------
"1 Admin" is already an admin of UQAC
---------- Remove admin ----------
"1 Admin" removed from UQAC's admin list.
---------- Remove university (admin) ----------
"1 Admin" admin has no longer university.

---------- Remove admin ----------
"1 Admin" doesn't exist in UQAC's admin list.
---------- Remove admin ----------
"1 Admin" doesn't exist in UQAC's admin list.
---------- Permanent code (student) ----------
Permanent code : Stu122110279 belongs to 1
---------- Permanent code (student) ----------
Permanent code : BARS22110267 belongs to Sam
---------- Add sport ----------
"Sport" is now a sport of UQAC
---------- Generate room (room) ----------
---------- Add room ----------
P0-0530 is now a room of UQAC
---------- Generate room (room) ----------
---------- Add room ----------
P2-4360 is now a room of UQAC
---------- Generate room (room) ----------
---------- Add room ----------
P4-1820 is now a room of UQAC
---------- Permanent code (student) ----------
Permanent code : Stu222110233 belongs to 2
---------- Add sport ----------
"Sport2" is now a sport of UQAC
---------- Add admin ----------
"1 Admin" is now an admin of UQAC
---------- Set university (admin) ----------
Set university to : "1 Admin"
---------- Add admin ----------
"1 Admin" is already an admin of UQAC
---------- Add admin ----------
"Admin 2" is now an admin of UQAC
---------- Set university (admin) ----------
Set university to : "Admin 2"
---------- Add admin ----------
"Admin 2" is already an admin of UQAC
---------- Add secretary ----------
"1 Secretary" is now a secretary of UQAC
---------- Set university (secretary) ----------
Set university to : "1 Secretary"
---------- Add secretary ----------
"1 Secretary" is already a secretary of UQAC
---------- Add secretary ----------
"Secretary 2" is now a secretary of UQAC
---------- Set university (secretary) ----------
Set university to : "Secretary 2"
---------- Add secretary ----------
"Secretary 2" is already a secretary of UQAC
---------- Add professor ----------
"Professor 1" is now a professor of UQAC
---------- Set university (professor) ----------
Set university to : "Professor 1"
---------- Add professor ----------
"Professor 1" is already a professor of UQAC
---------- Add professor ----------
"Professor 2" is now a professor of UQAC
---------- Set university (professor) ----------
Set university to : "Professor 2"
---------- Add professor ----------
"Professor 2" is already a professor of UQAC
---------- Add student ----------
"1 Student" is now a student of UQAC
---------- Set university (student) ----------
---------- Add student ----------
"1 Student" is already a student of UQAC
---------- Add student ----------
"2 Student" is now a student of UQAC
---------- Set university (student) ----------
---------- Add student ----------
"2 Student" is already a student of UQAC
---------- Add course ----------
"Course" is now a course of UQAC
---------- Set university (course) ----------
---------- Add course ----------
"Course" is already a course of UQAC
---------- Add course ----------
"Course2" is now a course of UQAC
---------- Set university (course) ----------
---------- Add course ----------
"Course2" is already a course of UQAC
---------- Add field ----------
"Field" is now a field of UQAC
---------- Set university (field) ----------
---------- Add field ----------
"Field" is already a field of UQAC
---------- Add field ----------
"Field2" is now a field of UQAC
---------- Set university (field) ----------
---------- Add field ----------
"Field2" is already a field of UQAC
---------- Add sport ----------
"Sport" is already a sport of UQAC
---------- Add sport ----------
"Sport2" is already a sport of UQAC
---------- Add room ----------
P4-1820 is already a room of UQAC
{
"UQAC": {
	"Name" : "UQAC",
	"Administrators" : [
		{
			"Firstname" : "2",
			"Lastname" : "Admin",
			"Function" : "Admin"
		},
		{
			"Firstname" : "Admin",
			"Lastname" : "1",
			"Function" : "Admin"
		}
	],
	"Secretaries" : [
		{
			"Firstname" : "Secretary",
			"Lastname" : "1",
			"Function" : "Secretary"
		},
		{
			"Firstname" : "2",
			"Lastname" : "Secretary",
			"Function" : "Secretary"
		}
	],
	"Professors" : [
			{
			"Firstname" : "1",
			"Lastname" : "Professor",
			"Function" : "Professor",
			"Course" : null,
			"Student list" : []
			},
			{
			"Firstname" : "2",
			"Lastname" : "Professor",
			"Function" : "Professor",
			"Course" : null,
			"Student list" : []
			}
	],
	"Students" : [
		{
			"Firstname" : "1",
			"Lastname" : "Student",
			"Birthday" : "22/11/02",
			"Permanent Code" : "Stu122110279",
			"Field" : null,
			"Courses list" : [],
			"Sport list" : []
		},
		{
			"Firstname" : "2",
			"Lastname" : "Student",
			"Birthday" : "22/11/02",
			"Permanent Code" : "Stu222110233",
			"Field" : null,
			"Courses list" : [],
			"Sport list" : []
		}
	],
	"Fields" : [
		{
			"Name" : "Field2",
			"Courses list" : [],
			"Student list" : []
		},
		{
			"Name" : "Field",
			"Courses list" : [],
			"Student list" : []
		}
	],
	"Courses" : [
		{
			"Name" : "Course2",
			"Professor" : null,
			"Field list" : [],
			"Room" : "null"
		},
		{
			"Name" : "Course",
			"Professor" : null,
			"Field list" : [],
			"Room" : "null"
		}
	],
	"Rooms" : [
		{
			"Course" : null,
			"Room number" : "P4-1820"
		},
		{
			"Course" : null,
			"Room number" : "P0-0530"
		},
		{
			"Course" : null,
			"Room number" : "P2-4360"
		}
	],
	"Sports" : [
		{
			"Name" : "Sport",
			"Student list" : []
		},
		{
			"Name" : "Sport2",
			"Student list" : []
		}
	]
}
}
---------- Permanent code (student) ----------
Permanent code : Stu122110210 belongs to 1
---------- Permanent code (student) ----------
Permanent code : BARS22110258 belongs to Sam
---------- Add sport ----------
"Sport" is now a sport of UQAC
---------- Generate room (room) ----------
---------- Add room ----------
P3-5500 is now a room of UQAC
---------- Generate room (room) ----------
---------- Add room ----------
P2-0030 is now a room of UQAC
---------- Generate room (room) ----------
---------- Add room ----------
P5-3430 is now a room of UQAC
---------- Permanent code (student) ----------
Permanent code : Stu222110278 belongs to 2
---------- Add sport ----------
"Sport2" is now a sport of UQAC
---------- Add room ----------
P5-3430 is already a room of UQAC
---------- Add room ----------
P5-3430 is already a room of UQAC
---------- Remove room ----------
P5-3430 removed from UQAC's room list.
---------- Remove room ----------
P5-3430 doesn't exist in UQAC's room list.
---------- Permanent code (student) ----------
Permanent code : Stu122110203 belongs to 1
---------- Permanent code (student) ----------
Permanent code : BARS22110272 belongs to Sam
---------- Add sport ----------
"Sport" is now a sport of UQAC
---------- Generate room (room) ----------
---------- Add room ----------
P0-2250 is now a room of UQAC
---------- Generate room (room) ----------
---------- Add room ----------
P0-1750 is now a room of UQAC
---------- Generate room (room) ----------
---------- Add room ----------
P4-5820 is now a room of UQAC
---------- Permanent code (student) ----------
Permanent code : Stu222110210 belongs to 2
---------- Add sport ----------
"Sport2" is now a sport of UQAC
---------- Set course (professor) ----------
"Professor 1" hasn't university.
---------- Set university (professor) ----------
Set university to : "Professor 1"
---------- Add professor ----------
"Professor 1" is now a professor of UQAC
---------- Set university (professor) ----------
"Professor 1" is already in this university.
---------- Set course (professor) ----------
Professor "Professor 1" and course "Course1" aren't in the same university.
---------- Set university (course) ----------
---------- Add course ----------
"Course1" is now a course of UQAC
---------- Set university (course) ----------
---------- Set course (professor) ----------
---------- Set professor (course) ----------
---------- Set course (professor) ----------
Professor "Professor 1" already have "Course1" course.
---------- Set university (course) ----------
---------- Add course ----------
"Course2" is now a course of UQAC
---------- Set university (course) ----------
---------- Set university (field) ----------
---------- Add field ----------
"Field" is now a field of UQAC
---------- Set university (field) ----------
---------- Set university (student) ----------
---------- Add student ----------
"1 Student" is now a student of UQAC
---------- Set university (student) ----------
---------- Set field (student) ----------
---------- Add student (field) ----------
"1 Student" is now in this field.
---------- Set field (student) ----------
---------- Add student (professor) ----------
---------- Add student (course) ----------
"1 Student" is already in this course.
"1 Student" added in "Professor 1"'s student list.
---------- Set course (professor) ----------
---------- Remove course (professor) ----------
---------- Remove professor (course) ----------
"Professor 1" no longer teach this course.
---------- Remove course (professor) ----------
"Professor 1" professor hasn't this course.
---------- Remove student (professor) ----------
"1 Student" removed from "Professor 1"'s student list.
"Professor 1" professor has no longer course.
---------- Set professor (course) ----------
---------- Set course (professor) ----------
Professor "Professor 1" already have "Course2" course.
---------- Permanent code (student) ----------
Permanent code : Stu122110231 belongs to 1
---------- Permanent code (student) ----------
Permanent code : BARS22110298 belongs to Sam
---------- Add sport ----------
"Sport" is now a sport of UQAC
---------- Generate room (room) ----------
---------- Add room ----------
P5-5500 is now a room of UQAC
---------- Generate room (room) ----------
---------- Add room ----------
P5-4550 is now a room of UQAC
---------- Generate room (room) ----------
---------- Add room ----------
P3-0620 is now a room of UQAC
---------- Permanent code (student) ----------
Permanent code : Stu222110220 belongs to 2
---------- Add sport ----------
"Sport2" is now a sport of UQAC
---------- Permanent code (student) ----------
Permanent code : Stu122110216 belongs to 1
---------- Permanent code (student) ----------
Permanent code : BARS22110225 belongs to Sam
---------- Add sport ----------
"Sport" is now a sport of UQAC
---------- Generate room (room) ----------
---------- Add room ----------
P5-3320 is now a room of UQAC
---------- Generate room (room) ----------
---------- Add room ----------
P0-5560 is now a room of UQAC
---------- Generate room (room) ----------
---------- Add room ----------
P4-3830 is now a room of UQAC
---------- Permanent code (student) ----------
Permanent code : Stu222110265 belongs to 2
---------- Add sport ----------
"Sport2" is now a sport of UQAC
---------- Add course ----------
"Course" is now a course of UQAC
---------- Set university (course) ----------
---------- Add course ----------
"Course" is already a course of UQAC
---------- Add course ----------
"Course" is already a course of UQAC
---------- Remove course ----------
"Course" removed from UQAC's course list.
---------- Remove university (course) ----------
---------- Remove course ----------
"Course" doesn't exist in UQAC's course list.
---------- Remove professor (course) ----------
null doesn't teach this course.
---------- Remove room (course) ----------
null doesn't host this course.
"Course" course has no longer university.

---------- Remove course ----------
"Course" doesn't exist in UQAC's course list.
---------- Permanent code (student) ----------
Permanent code : Stu122110259 belongs to 1
---------- Permanent code (student) ----------
Permanent code : BARS22110239 belongs to Sam
---------- Add sport ----------
"Sport" is now a sport of UQAC
---------- Generate room (room) ----------
---------- Add room ----------
P3-4070 is now a room of UQAC
---------- Generate room (room) ----------
---------- Add room ----------
P3-4480 is now a room of UQAC
---------- Generate room (room) ----------
---------- Add room ----------
P4-4330 is now a room of UQAC
---------- Permanent code (student) ----------
Permanent code : Stu222110235 belongs to 2
---------- Add sport ----------
"Sport2" is now a sport of UQAC
---------- Permanent code (student) ----------
Permanent code : Stu122110289 belongs to 1
---------- Permanent code (student) ----------
Permanent code : BARS22110258 belongs to Sam
---------- Add sport ----------
"Sport" is now a sport of UQAC
---------- Generate room (room) ----------
---------- Add room ----------
P0-2330 is now a room of UQAC
---------- Generate room (room) ----------
---------- Add room ----------
P2-2270 is now a room of UQAC
---------- Generate room (room) ----------
---------- Add room ----------
P0-5550 is now a room of UQAC
---------- Permanent code (student) ----------
Permanent code : Stu222110262 belongs to 2
---------- Add sport ----------
"Sport2" is now a sport of UQAC
---------- Permanent code (student) ----------
Permanent code : Stu122110208 belongs to 1
---------- Permanent code (student) ----------
Permanent code : BARS22110246 belongs to Sam
---------- Add sport ----------
"Sport" is now a sport of UQAC
---------- Generate room (room) ----------
---------- Add room ----------
P0-2330 is now a room of UQAC
---------- Generate room (room) ----------
---------- Add room ----------
P1-2570 is now a room of UQAC
---------- Generate room (room) ----------
---------- Add room ----------
P0-5570 is now a room of UQAC
---------- Permanent code (student) ----------
Permanent code : Stu222110284 belongs to 2
---------- Add sport ----------
"Sport2" is now a sport of UQAC
---------- Permanent code (student) ----------
Permanent code : Stu122110226 belongs to 1
---------- Permanent code (student) ----------
Permanent code : BARS22110218 belongs to Sam
---------- Add sport ----------
"Sport" is now a sport of UQAC
---------- Generate room (room) ----------
---------- Add room ----------
P3-0830 is now a room of UQAC
---------- Generate room (room) ----------
---------- Add room ----------
P1-1770 is now a room of UQAC
---------- Generate room (room) ----------
---------- Add room ----------
P0-1160 is now a room of UQAC
---------- Permanent code (student) ----------
Permanent code : Stu222110243 belongs to 2
---------- Add sport ----------
"Sport2" is now a sport of UQAC
---------- Set university (professor) ----------
Set university to : "Prof 1"
---------- Add professor ----------
"Prof 1" is now a professor of UQAC
---------- Set university (professor) ----------
"Prof 1" is already in this university.
---------- Set university (field) ----------
---------- Add field ----------
"Field1" is now a field of UQAC
---------- Set university (field) ----------
---------- Set university (course) ----------
---------- Add course ----------
"Course1" is now a course of UQAC
---------- Set university (course) ----------
---------- Set professor (course) ----------
---------- Set course (professor) ----------
---------- Set professor (course) ----------
"Prof 1" is already the professor.
---------- Add field (course) ----------
"Field1" is now a field of this course.
---------- Add course (field) ----------
"Course1" is now in this field.
---------- Add field (course) ----------
"Field1" is already a field of this course.
---------- Set university (course) ----------
---------- Add course ----------
"Course2" is now a course of UQAC
---------- Set university (course) ----------
---------- Add field (course) ----------
Not in the same university.
---------- Set university (student) ----------
---------- Add student ----------
"Sam BARTHAZON" is now a student of UQAC
---------- Set university (student) ----------
---------- Add course (student) ----------
"Sam BARTHAZON" student need a field to add a course.

---------- Set field (student) ----------
---------- Add student (field) ----------
"Sam BARTHAZON" is now in this field.
---------- Set field (student) ----------
---------- Add course (student) ----------
"Course2" isn't available in the field of "Sam BARTHAZON"
---------- Add course (student) ----------
"Course1" is now a course of "Sam BARTHAZON"
---------- Add student (course) ----------
"Sam BARTHAZON" is now in this course.
---------- Add course (student) ----------
"Course1" is already a course of "Sam BARTHAZON"
---------- Add student (professor) ----------
"Sam BARTHAZON" already in "Prof 1"'s student list.
---------- Permanent code (student) ----------
Permanent code : Stu122110297 belongs to 1
---------- Permanent code (student) ----------
Permanent code : BARS22110298 belongs to Sam
---------- Add sport ----------
"Sport" is now a sport of UQAC
---------- Generate room (room) ----------
---------- Add room ----------
P2-4900 is now a room of UQAC
---------- Generate room (room) ----------
---------- Add room ----------
P4-4930 is now a room of UQAC
---------- Generate room (room) ----------
---------- Add room ----------
P0-5700 is now a room of UQAC
---------- Permanent code (student) ----------
Permanent code : Stu222110266 belongs to 2
---------- Add sport ----------
"Sport2" is now a sport of UQAC
---------- Set university (professor) ----------
Set university to : "Prof 1"
---------- Add professor ----------
"Prof 1" is now a professor of UQAC
---------- Set university (professor) ----------
"Prof 1" is already in this university.
---------- Set university (field) ----------
---------- Add field ----------
"Field1" is now a field of UQAC
---------- Set university (field) ----------
---------- Set university (field) ----------
---------- Add field ----------
"Field2" is now a field of UQAC
---------- Set university (field) ----------
---------- Set university (course) ----------
---------- Add course ----------
"Course1" is now a course of UQAC
---------- Set university (course) ----------
---------- Set course (professor) ----------
---------- Set professor (course) ----------
---------- Set course (professor) ----------
Professor "Prof 1" already have "Course1" course.
---------- Add field (course) ----------
"Field1" is now a field of this course.
---------- Add course (field) ----------
"Course1" is now in this field.
---------- Add field (course) ----------
"Field1" is already a field of this course.
---------- Set university (student) ----------
---------- Add student ----------
"Sam BARTHAZON" is now a student of UQAC
---------- Set university (student) ----------
---------- Set field (student) ----------
---------- Add student (field) ----------
"Sam BARTHAZON" is now in this field.
---------- Set field (student) ----------
---------- Add course (student) ----------
"Course1" is now a course of "Sam BARTHAZON"
---------- Add student (course) ----------
"Sam BARTHAZON" is now in this course.
---------- Add course (student) ----------
"Course1" is already a course of "Sam BARTHAZON"
---------- Add student (professor) ----------
"Sam BARTHAZON" already in "Prof 1"'s student list.
---------- Set field (student) ----------
---------- Remove field (student) ----------
"Sam BARTHAZON" has no longer field.
---------- Remove course (student) ----------
"Course1" removed from "Sam BARTHAZON"'s course list.
---------- Remove student (course) ----------
"Sam BARTHAZON" removed from "Course1"'s student list.
---------- Remove course (student) ----------
"Course1" doesn't exist in "Sam BARTHAZON"'s course list.
---------- Remove student (professor) ----------
"Sam BARTHAZON" isn't in "Prof 1"'s student list.
---------- Remove student (field) ----------
"Sam BARTHAZON" removed from "Field1"'s student list.
---------- Remove field (student) ----------
"Sam BARTHAZON" isn't in this field.
---------- Add student (field) ----------
"Sam BARTHAZON" is now in this field.
---------- Set field (student) ----------
]]></system-out>
  <system-err><![CDATA[]]></system-err>
</testsuite>
