<?xml version="1.0" encoding="UTF-8"?>
<testsuite name="ca.uqac.inf334.ProfessorTest" tests="4" skipped="0" failures="0" errors="0" timestamp="2022-04-16T21:57:02" hostname="Air-de-Sam" time="0.038">
  <properties/>
  <testcase name="TestUniversity()" classname="ca.uqac.inf334.ProfessorTest" time="0.007"/>
  <testcase name="TestCourse()" classname="ca.uqac.inf334.ProfessorTest" time="0.007"/>
  <testcase name="TestStudent()" classname="ca.uqac.inf334.ProfessorTest" time="0.005"/>
  <testcase name="TestToJSON()" classname="ca.uqac.inf334.ProfessorTest" time="0.007"/>
  <system-out><![CDATA[---------- Permanent code (student) ----------
Permanent code : Stu122110291 belongs to 1
---------- Set university (professor) ----------
Set university to : "Professor 1"
---------- Add professor ----------
"Professor 1" is now a professor of UQAC
---------- Set university (professor) ----------
"Professor 1" is already in this university.
---------- Set university (field) ----------
---------- Add field ----------
"Field" is now a field of UQAC
---------- Set university (field) ----------
---------- Set university (course) ----------
---------- Add course ----------
"Course1" is now a course of UQAC
---------- Set university (course) ----------
---------- Set university (student) ----------
---------- Add student ----------
"1 Student" is now a student of UQAC
---------- Set university (student) ----------
---------- Set field (student) ----------
---------- Add student (field) ----------
"1 Student" is now in this field.
---------- Set field (student) ----------
---------- Set course (professor) ----------
---------- Set professor (course) ----------
---------- Set course (professor) ----------
Professor "Professor 1" already have "Course1" course.
---------- Add student (professor) ----------
---------- Add student (course) ----------
"1 Student" is already in this course.
"1 Student" added in "Professor 1"'s student list.
---------- Set university (professor) ----------
---------- Remove university (professor) ----------
---------- Remove student (professor) ----------
"1 Student" removed from "Professor 1"'s student list.
---------- Remove course (professor) ----------
---------- Remove professor (course) ----------
"Professor 1" no longer teach this course.
---------- Remove course (professor) ----------
"Professor 1" professor hasn't this course.
"Professor 1" professor has no longer course.
---------- Remove professor ----------
"Professor 1" removed from UQAC's professor list.
---------- Remove university (professor) ----------
"Professor 1" professor isn't in the university.
"Professor 1" professor has no longer university.
Set university to : "Professor 1"
---------- Add professor ----------
"Professor 1" is now a professor of CEGEP
---------- Set university (professor) ----------
"Professor 1" is already in this university.
---------- Permanent code (student) ----------
Permanent code : Stu122110259 belongs to 1
---------- Set course (professor) ----------
"Professor 1" hasn't university.
---------- Set university (professor) ----------
Set university to : "Professor 1"
---------- Add professor ----------
"Professor 1" is now a professor of UQAC
---------- Set university (professor) ----------
"Professor 1" is already in this university.
---------- Set course (professor) ----------
Professor "Professor 1" and course "Course1" aren't in the same university.
---------- Set university (course) ----------
---------- Add course ----------
"Course1" is now a course of UQAC
---------- Set university (course) ----------
---------- Set course (professor) ----------
---------- Set professor (course) ----------
---------- Set course (professor) ----------
Professor "Professor 1" already have "Course1" course.
---------- Set university (course) ----------
---------- Add course ----------
"Course2" is now a course of UQAC
---------- Set university (course) ----------
---------- Set university (field) ----------
---------- Add field ----------
"Field" is now a field of UQAC
---------- Set university (field) ----------
---------- Set university (student) ----------
---------- Add student ----------
"1 Student" is now a student of UQAC
---------- Set university (student) ----------
---------- Set field (student) ----------
---------- Add student (field) ----------
"1 Student" is now in this field.
---------- Set field (student) ----------
---------- Add student (professor) ----------
---------- Add student (course) ----------
"1 Student" is already in this course.
"1 Student" added in "Professor 1"'s student list.
---------- Set course (professor) ----------
---------- Remove course (professor) ----------
---------- Remove professor (course) ----------
"Professor 1" no longer teach this course.
---------- Remove course (professor) ----------
"Professor 1" professor hasn't this course.
---------- Remove student (professor) ----------
"1 Student" removed from "Professor 1"'s student list.
"Professor 1" professor has no longer course.
---------- Set professor (course) ----------
---------- Set course (professor) ----------
Professor "Professor 1" already have "Course2" course.
---------- Permanent code (student) ----------
Permanent code : Stu122110221 belongs to 1
---------- Set university (professor) ----------
Set university to : "Professor 1"
---------- Add professor ----------
"Professor 1" is now a professor of UQAC
---------- Set university (professor) ----------
"Professor 1" is already in this university.
---------- Set university (field) ----------
---------- Add field ----------
"Field" is now a field of UQAC
---------- Set university (field) ----------
---------- Set university (course) ----------
---------- Add course ----------
"Course1" is now a course of UQAC
---------- Set university (course) ----------
---------- Set course (professor) ----------
---------- Set professor (course) ----------
---------- Set course (professor) ----------
Professor "Professor 1" already have "Course1" course.
---------- Set university (student) ----------
---------- Add student ----------
"1 Student" is now a student of CEGEP
---------- Set university (student) ----------
---------- Add student (professor) ----------
The student isn't in the same university.
---------- Set university (student) ----------
---------- Remove university (student) ----------
"1 Student" has no longer university.

---------- Remove student ----------
"1 Student" removed from CEGEP's student list.
---------- Remove university (student) ----------
"1 Student" isn't in this university.

---------- Remove field (student) ----------
"1 Student" isn't in this field.
---------- Add student ----------
"1 Student" is now a student of UQAC
---------- Set university (student) ----------
---------- Add student (professor) ----------
"1 Student" need a field to have a professor.
---------- Set field (student) ----------
---------- Add student (field) ----------
"1 Student" is now in this field.
---------- Set field (student) ----------
---------- Add student (professor) ----------
---------- Add student (course) ----------
"1 Student" is already in this course.
"1 Student" added in "Professor 1"'s student list.
---------- Add student (professor) ----------
"1 Student" already in "Professor 1"'s student list.
---------- Remove student (professor) ----------
"1 Student" removed from "Professor 1"'s student list.
---------- Remove student (professor) ----------
"1 Student" isn't in "Professor 1"'s student list.
---------- Permanent code (student) ----------
Permanent code : Stu122110249 belongs to 1
]]></system-out>
  <system-err><![CDATA[]]></system-err>
</testsuite>
