<?xml version="1.0" encoding="UTF-8"?>
<testsuite name="ca.uqac.inf334.UniversityTest" tests="9" skipped="0" failures="0" errors="0" timestamp="2022-04-16T21:57:02" hostname="Air-de-Sam" time="0.017">
  <properties/>
  <testcase name="TestRoom()" classname="ca.uqac.inf334.UniversityTest" time="0.001"/>
  <testcase name="TestCourse()" classname="ca.uqac.inf334.UniversityTest" time="0.001"/>
  <testcase name="TestStudent()" classname="ca.uqac.inf334.UniversityTest" time="0.002"/>
  <testcase name="TestToJSON()" classname="ca.uqac.inf334.UniversityTest" time="0.0"/>
  <testcase name="TestProfessor()" classname="ca.uqac.inf334.UniversityTest" time="0.001"/>
  <testcase name="TestSecretary()" classname="ca.uqac.inf334.UniversityTest" time="0.001"/>
  <testcase name="TestAdmin()" classname="ca.uqac.inf334.UniversityTest" time="0.001"/>
  <testcase name="TestField()" classname="ca.uqac.inf334.UniversityTest" time="0.001"/>
  <testcase name="TestSport()" classname="ca.uqac.inf334.UniversityTest" time="0.001"/>
  <system-out><![CDATA[---------- Permanent code (student) ----------
Permanent code : Stu122110284 belongs to 1
---------- Add sport ----------
"Sport" is now a sport of UQAC
---------- Generate room (room) ----------
---------- Add room ----------
P2-0410 is now a room of UQAC
---------- Add room ----------
P2-0410 is already a room of UQAC
---------- Add room ----------
P2-0410 is already a room of UQAC
---------- Remove room ----------
P2-0410 removed from UQAC's room list.
---------- Remove room ----------
P2-0410 doesn't exist in UQAC's room list.
---------- Permanent code (student) ----------
Permanent code : Stu122110294 belongs to 1
---------- Add sport ----------
"Sport" is now a sport of UQAC
---------- Generate room (room) ----------
---------- Add room ----------
P1-0070 is now a room of UQAC
---------- Add course ----------
"Course" is now a course of UQAC
---------- Set university (course) ----------
---------- Add course ----------
"Course" is already a course of UQAC
---------- Add course ----------
"Course" is already a course of UQAC
---------- Remove course ----------
"Course" removed from UQAC's course list.
---------- Remove university (course) ----------
---------- Remove course ----------
"Course" doesn't exist in UQAC's course list.
---------- Remove professor (course) ----------
null doesn't teach this course.
---------- Remove room (course) ----------
null doesn't host this course.
"Course" course has no longer university.

---------- Remove course ----------
"Course" doesn't exist in UQAC's course list.
---------- Permanent code (student) ----------
Permanent code : Stu122110285 belongs to 1
---------- Add sport ----------
"Sport" is now a sport of UQAC
---------- Generate room (room) ----------
---------- Add room ----------
P5-4350 is now a room of UQAC
---------- Add student ----------
"1 Student" is now a student of UQAC
---------- Set university (student) ----------
---------- Add student ----------
"1 Student" is already a student of UQAC
---------- Add student ----------
"1 Student" is already a student of UQAC
---------- Remove student ----------
"1 Student" removed from UQAC's student list.
---------- Remove university (student) ----------
"1 Student" has no longer university.

---------- Remove student ----------
"1 Student" doesn't exist in UQAC's student list.
---------- Remove field (student) ----------
"1 Student" isn't in this field.
---------- Remove student ----------
"1 Student" doesn't exist in UQAC's student list.
---------- Permanent code (student) ----------
Permanent code : Stu122110288 belongs to 1
---------- Add sport ----------
"Sport" is now a sport of UQAC
---------- Generate room (room) ----------
---------- Add room ----------
P2-0630 is now a room of UQAC
---------- Permanent code (student) ----------
Permanent code : Stu122110243 belongs to 1
---------- Add sport ----------
"Sport" is now a sport of UQAC
---------- Generate room (room) ----------
---------- Add room ----------
P1-3090 is now a room of UQAC
---------- Add professor ----------
"Professor 1" is now a professor of UQAC
---------- Set university (professor) ----------
Set university to : "Professor 1"
---------- Add professor ----------
"Professor 1" is already a professor of UQAC
---------- Add professor ----------
"Professor 1" is already a professor of UQAC
---------- Remove professor ----------
"Professor 1" removed from UQAC's professor list.
---------- Remove university (professor) ----------
---------- Remove course (professor) ----------
"Professor 1" professor hasn't this course.
---------- Remove professor ----------
"Professor 1" doesn't exist in UQAC's professor list.
"Professor 1" professor has no longer university.
---------- Remove professor ----------
"Professor 1" doesn't exist in UQAC's professor list.
---------- Permanent code (student) ----------
Permanent code : Stu122110279 belongs to 1
---------- Add sport ----------
"Sport" is now a sport of UQAC
---------- Generate room (room) ----------
---------- Add room ----------
P4-0180 is now a room of UQAC
---------- Add secretary ----------
"Secretary 1" is now a secretary of UQAC
---------- Set university (secretary) ----------
Set university to : "Secretary 1"
---------- Add secretary ----------
"Secretary 1" is already a secretary of UQAC
---------- Add secretary ----------
"Secretary 1" is already a secretary of UQAC
---------- Remove secretary ----------
"Secretary 1" removed from UQAC's secretary list.
---------- Remove university (secretary) ----------
"Secretary 1" secretary has no longer university.

---------- Remove secretary ----------
"Secretary 1" doesn't exist in UQAC's secretary list.
---------- Remove secretary ----------
"Secretary 1" doesn't exist in UQAC's secretary list.
---------- Permanent code (student) ----------
Permanent code : Stu122110228 belongs to 1
---------- Add sport ----------
"Sport" is now a sport of UQAC
---------- Generate room (room) ----------
---------- Add room ----------
P2-3740 is now a room of UQAC
---------- Add admin ----------
"Admin 1" is now an admin of UQAC
---------- Set university (admin) ----------
Set university to : "Admin 1"
---------- Add admin ----------
"Admin 1" is already an admin of UQAC
---------- Add admin ----------
"Admin 1" is already an admin of UQAC
---------- Remove admin ----------
"Admin 1" removed from UQAC's admin list.
---------- Remove university (admin) ----------
"Admin 1" admin has no longer university.

---------- Remove admin ----------
"Admin 1" doesn't exist in UQAC's admin list.
---------- Remove admin ----------
"Admin 1" doesn't exist in UQAC's admin list.
---------- Permanent code (student) ----------
Permanent code : Stu122110299 belongs to 1
---------- Add sport ----------
"Sport" is now a sport of UQAC
---------- Generate room (room) ----------
---------- Add room ----------
P4-5230 is now a room of UQAC
---------- Add field ----------
"Field" is now a field of UQAC
---------- Set university (field) ----------
---------- Add field ----------
"Field" is already a field of UQAC
---------- Add field ----------
"Field" is already a field of UQAC
---------- Remove field ----------
"Field" removed from UQAC's field list.
---------- Remove university (field) ----------
"Field" field has no longer university.
---------- Remove field ----------
"Field" doesn't exist in UQAC's field list.
---------- Remove field ----------
"Field" doesn't exist in UQAC's field list.
---------- Permanent code (student) ----------
Permanent code : Stu122110285 belongs to 1
---------- Add sport ----------
"Sport" is now a sport of UQAC
---------- Generate room (room) ----------
---------- Add room ----------
P3-4200 is now a room of UQAC
---------- Add sport ----------
"Sport" is already a sport of UQAC
---------- Add sport ----------
"Sport" is already a sport of UQAC
---------- Add student (sport) ----------
"1 Student" is now in this sport.
---------- Add sport (student) ----------
"Sport" is now a sport of "1 Student"
---------- Add student (sport) ----------
"1 Student" doesn't practice this sport.
---------- Remove sport ----------
"Sport" removed from UQAC's sport list.
---------- Remove student (sport) ----------
"1 Student" removed from this sport.
---------- Remove sport (student) ----------
---------- Remove student (sport) ----------
"1 Student" doesn't practice this sport.
"Sport" removed from "1 Student"'s sport list.
---------- Remove sport ----------
"Sport" doesn't exist in UQAC's sport list.
]]></system-out>
  <system-err><![CDATA[]]></system-err>
</testsuite>
