<?xml version="1.0" encoding="UTF-8"?>
<testsuite name="ca.uqac.inf334.SecretaryTest" tests="2" skipped="0" failures="0" errors="0" timestamp="2022-04-16T21:57:02" hostname="Air-de-Sam" time="0.006">
  <properties/>
  <testcase name="TestUniversity()" classname="ca.uqac.inf334.SecretaryTest" time="0.003"/>
  <testcase name="TestToJSON()" classname="ca.uqac.inf334.SecretaryTest" time="0.002"/>
  <system-out><![CDATA[---------- Set university (secretary) ----------
Set university to : "1 Secretary"
---------- Add secretary ----------
"1 Secretary" is now a secretary of UQAC
---------- Set university (secretary) ----------
---------- Set university (secretary) ----------
---------- Remove university (secretary) ----------
"1 Secretary" secretary has no longer university.

---------- Remove secretary ----------
"1 Secretary" removed from UQAC's secretary list.
---------- Remove university (secretary) ----------
"1 Secretary" secretary isn't in the university.

Set university to : "1 Secretary"
---------- Add secretary ----------
"1 Secretary" is now a secretary of CEGEP
---------- Set university (secretary) ----------
]]></system-out>
  <system-err><![CDATA[]]></system-err>
</testsuite>
